<?xml version="1.0" encoding="UTF-8"?>
<!-- Generated by org.testng.reporters.JUnitXMLReporter -->
<testsuite hostname="DESKTOP-P75MMOV" ignored="0" tests="0" failures="0" timestamp="2021-07-19T14:46:44 CAT" time="2.453" errors="0">
  <testcase name="@BeforeTest before" time="2.357" classname="test_runner.TestRunner">
    <failure type="java.lang.StackOverflowError">
      <![CDATA[java.lang.StackOverflowError
at utils.logs.Log.info(Log.java:13)
at utils.logs.Log.info(Log.java:13)
at utils.logs.Log.info(Log.java:13)
at utils.logs.Log.info(Log.java:13)
at utils.logs.Log.info(Log.java:13)
at utils.logs.Log.info(Log.java:13)
at utils.logs.Log.info(Log.java:13)
at utils.logs.Log.info(Log.java:13)
at utils.logs.Log.info(Log.java:13)
at utils.logs.Log.info(Log.java:13)
at utils.logs.Log.info(Log.java:13)
at utils.logs.Log.info(Log.java:13)
at utils.logs.Log.info(Log.java:13)
at utils.logs.Log.info(Log.java:13)
at utils.logs.Log.info(Log.java:13)
at utils.logs.Log.info(Log.java:13)
at utils.logs.Log.info(Log.java:13)
at utils.logs.Log.info(Log.java:13)
at utils.logs.Log.info(Log.java:13)
at utils.logs.Log.info(Log.java:13)
at utils.logs.Log.info(Log.java:13)
at utils.logs.Log.info(Log.java:13)
at utils.logs.Log.info(Log.java:13)
at utils.logs.Log.info(Log.java:13)
at utils.logs.Log.info(Log.java:13)
at utils.logs.Log.info(Log.java:13)
at utils.logs.Log.info(Log.java:13)
at utils.logs.Log.info(Log.java:13)
at utils.logs.Log.info(Log.java:13)
at utils.logs.Log.info(Log.java:13)
at utils.logs.Log.info(Log.java:13)
at utils.logs.Log.info(Log.java:13)
at utils.logs.Log.info(Log.java:13)
at utils.logs.Log.info(Log.java:13)
at utils.logs.Log.info(Log.java:13)
at utils.logs.Log.info(Log.java:13)
at utils.logs.Log.info(Log.java:13)
at utils.logs.Log.info(Log.java:13)
at utils.logs.Log.info(Log.java:13)
at utils.logs.Log.info(Log.java:13)
at utils.logs.Log.info(Log.java:13)
at utils.logs.Log.info(Log.java:13)
at utils.logs.Log.info(Log.java:13)
at utils.logs.Log.info(Log.java:13)
at utils.logs.Log.info(Log.java:13)
at utils.logs.Log.info(Log.java:13)
at utils.logs.Log.info(Log.java:13)
at utils.logs.Log.info(Log.java:13)
at utils.logs.Log.info(Log.java:13)
at utils.logs.Log.info(Log.java:13)
at utils.logs.Log.info(Log.java:13)
at utils.logs.Log.info(Log.java:13)
at utils.logs.Log.info(Log.java:13)
at utils.logs.Log.info(Log.java:13)
at utils.logs.Log.info(Log.java:13)
at utils.logs.Log.info(Log.java:13)
at utils.logs.Log.info(Log.java:13)
at utils.logs.Log.info(Log.java:13)
at utils.logs.Log.info(Log.java:13)
at utils.logs.Log.info(Log.java:13)
at utils.logs.Log.info(Log.java:13)
at utils.logs.Log.info(Log.java:13)
at utils.logs.Log.info(Log.java:13)
at utils.logs.Log.info(Log.java:13)
at utils.logs.Log.info(Log.java:13)
at utils.logs.Log.info(Log.java:13)
at utils.logs.Log.info(Log.java:13)
at utils.logs.Log.info(Log.java:13)
at utils.logs.Log.info(Log.java:13)
at utils.logs.Log.info(Log.java:13)
at utils.logs.Log.info(Log.java:13)
at utils.logs.Log.info(Log.java:13)
at utils.logs.Log.info(Log.java:13)
at utils.logs.Log.info(Log.java:13)
at utils.logs.Log.info(Log.java:13)
at utils.logs.Log.info(Log.java:13)
at utils.logs.Log.info(Log.java:13)
at utils.logs.Log.info(Log.java:13)
at utils.logs.Log.info(Log.java:13)
at utils.logs.Log.info(Log.java:13)
at utils.logs.Log.info(Log.java:13)
at utils.logs.Log.info(Log.java:13)
at utils.logs.Log.info(Log.java:13)
at utils.logs.Log.info(Log.java:13)
at utils.logs.Log.info(Log.java:13)
at utils.logs.Log.info(Log.java:13)
at utils.logs.Log.info(Log.java:13)
at utils.logs.Log.info(Log.java:13)
at utils.logs.Log.info(Log.java:13)
at utils.logs.Log.info(Log.java:13)
at utils.logs.Log.info(Log.java:13)
at utils.logs.Log.info(Log.java:13)
at utils.logs.Log.info(Log.java:13)
at utils.logs.Log.info(Log.java:13)
at utils.logs.Log.info(Log.java:13)
at utils.logs.Log.info(Log.java:13)
at utils.logs.Log.info(Log.java:13)
at utils.logs.Log.info(Log.java:13)
at utils.logs.Log.info(Log.java:13)
at utils.logs.Log.info(Log.java:13)
at utils.logs.Log.info(Log.java:13)
at utils.logs.Log.info(Log.java:13)
at utils.logs.Log.info(Log.java:13)
at utils.logs.Log.info(Log.java:13)
at utils.logs.Log.info(Log.java:13)
at utils.logs.Log.info(Log.java:13)
at utils.logs.Log.info(Log.java:13)
at utils.logs.Log.info(Log.java:13)
at utils.logs.Log.info(Log.java:13)
at utils.logs.Log.info(Log.java:13)
at utils.logs.Log.info(Log.java:13)
at utils.logs.Log.info(Log.java:13)
at utils.logs.Log.info(Log.java:13)
at utils.logs.Log.info(Log.java:13)
at utils.logs.Log.info(Log.java:13)
at utils.logs.Log.info(Log.java:13)
at utils.logs.Log.info(Log.java:13)
at utils.logs.Log.info(Log.java:13)
at utils.logs.Log.info(Log.java:13)
at utils.logs.Log.info(Log.java:13)
at utils.logs.Log.info(Log.java:13)
at utils.logs.Log.info(Log.java:13)
at utils.logs.Log.info(Log.java:13)
at utils.logs.Log.info(Log.java:13)
at utils.logs.Log.info(Log.java:13)
at utils.logs.Log.info(Log.java:13)
at utils.logs.Log.info(Log.java:13)
at utils.logs.Log.info(Log.java:13)
at utils.logs.Log.info(Log.java:13)
at utils.logs.Log.info(Log.java:13)
at utils.logs.Log.info(Log.java:13)
at utils.logs.Log.info(Log.java:13)
at utils.logs.Log.info(Log.java:13)
at utils.logs.Log.info(Log.java:13)
at utils.logs.Log.info(Log.java:13)
at utils.logs.Log.info(Log.java:13)
at utils.logs.Log.info(Log.java:13)
at utils.logs.Log.info(Log.java:13)
at utils.logs.Log.info(Log.java:13)
at utils.logs.Log.info(Log.java:13)
at utils.logs.Log.info(Log.java:13)
at utils.logs.Log.info(Log.java:13)
at utils.logs.Log.info(Log.java:13)
at utils.logs.Log.info(Log.java:13)
at utils.logs.Log.info(Log.java:13)
at utils.logs.Log.info(Log.java:13)
at utils.logs.Log.info(Log.java:13)
at utils.logs.Log.info(Log.java:13)
at utils.logs.Log.info(Log.java:13)
at utils.logs.Log.info(Log.java:13)
at utils.logs.Log.info(Log.java:13)
at utils.logs.Log.info(Log.java:13)
at utils.logs.Log.info(Log.java:13)
at utils.logs.Log.info(Log.java:13)
at utils.logs.Log.info(Log.java:13)
at utils.logs.Log.info(Log.java:13)
at utils.logs.Log.info(Log.java:13)
at utils.logs.Log.info(Log.java:13)
at utils.logs.Log.info(Log.java:13)
at utils.logs.Log.info(Log.java:13)
at utils.logs.Log.info(Log.java:13)
at utils.logs.Log.info(Log.java:13)
at utils.logs.Log.info(Log.java:13)
at utils.logs.Log.info(Log.java:13)
at utils.logs.Log.info(Log.java:13)
at utils.logs.Log.info(Log.java:13)
at utils.logs.Log.info(Log.java:13)
at utils.logs.Log.info(Log.java:13)
at utils.logs.Log.info(Log.java:13)
at utils.logs.Log.info(Log.java:13)
at utils.logs.Log.info(Log.java:13)
at utils.logs.Log.info(Log.java:13)
at utils.logs.Log.info(Log.java:13)
at utils.logs.Log.info(Log.java:13)
at utils.logs.Log.info(Log.java:13)
at utils.logs.Log.info(Log.java:13)
at utils.logs.Log.info(Log.java:13)
at utils.logs.Log.info(Log.java:13)
at utils.logs.Log.info(Log.java:13)
at utils.logs.Log.info(Log.java:13)
at utils.logs.Log.info(Log.java:13)
at utils.logs.Log.info(Log.java:13)
at utils.logs.Log.info(Log.java:13)
at utils.logs.Log.info(Log.java:13)
at utils.logs.Log.info(Log.java:13)
at utils.logs.Log.info(Log.java:13)
at utils.logs.Log.info(Log.java:13)
at utils.logs.Log.info(Log.java:13)
at utils.logs.Log.info(Log.java:13)
at utils.logs.Log.info(Log.java:13)
at utils.logs.Log.info(Log.java:13)
at utils.logs.Log.info(Log.java:13)
at utils.logs.Log.info(Log.java:13)
at utils.logs.Log.info(Log.java:13)
at utils.logs.Log.info(Log.java:13)
at utils.logs.Log.info(Log.java:13)
at utils.logs.Log.info(Log.java:13)
at utils.logs.Log.info(Log.java:13)
at utils.logs.Log.info(Log.java:13)
at utils.logs.Log.info(Log.java:13)
at utils.logs.Log.info(Log.java:13)
at utils.logs.Log.info(Log.java:13)
at utils.logs.Log.info(Log.java:13)
at utils.logs.Log.info(Log.java:13)
at utils.logs.Log.info(Log.java:13)
at utils.logs.Log.info(Log.java:13)
at utils.logs.Log.info(Log.java:13)
at utils.logs.Log.info(Log.java:13)
at utils.logs.Log.info(Log.java:13)
at utils.logs.Log.info(Log.java:13)
at utils.logs.Log.info(Log.java:13)
at utils.logs.Log.info(Log.java:13)
at utils.logs.Log.info(Log.java:13)
at utils.logs.Log.info(Log.java:13)
at utils.logs.Log.info(Log.java:13)
at utils.logs.Log.info(Log.java:13)
at utils.logs.Log.info(Log.java:13)
at utils.logs.Log.info(Log.java:13)
at utils.logs.Log.info(Log.java:13)
at utils.logs.Log.info(Log.java:13)
at utils.logs.Log.info(Log.java:13)
at utils.logs.Log.info(Log.java:13)
at utils.logs.Log.info(Log.java:13)
at utils.logs.Log.info(Log.java:13)
at utils.logs.Log.info(Log.java:13)
at utils.logs.Log.info(Log.java:13)
at utils.logs.Log.info(Log.java:13)
at utils.logs.Log.info(Log.java:13)
at utils.logs.Log.info(Log.java:13)
at utils.logs.Log.info(Log.java:13)
at utils.logs.Log.info(Log.java:13)
at utils.logs.Log.info(Log.java:13)
at utils.logs.Log.info(Log.java:13)
at utils.logs.Log.info(Log.java:13)
at utils.logs.Log.info(Log.java:13)
at utils.logs.Log.info(Log.java:13)
at utils.logs.Log.info(Log.java:13)
at utils.logs.Log.info(Log.java:13)
at utils.logs.Log.info(Log.java:13)
at utils.logs.Log.info(Log.java:13)
at utils.logs.Log.info(Log.java:13)
at utils.logs.Log.info(Log.java:13)
at utils.logs.Log.info(Log.java:13)
at utils.logs.Log.info(Log.java:13)
at utils.logs.Log.info(Log.java:13)
at utils.logs.Log.info(Log.java:13)
at utils.logs.Log.info(Log.java:13)
at utils.logs.Log.info(Log.java:13)
at utils.logs.Log.info(Log.java:13)
at utils.logs.Log.info(Log.java:13)
at utils.logs.Log.info(Log.java:13)
at utils.logs.Log.info(Log.java:13)
at utils.logs.Log.info(Log.java:13)
at utils.logs.Log.info(Log.java:13)
at utils.logs.Log.info(Log.java:13)
at utils.logs.Log.info(Log.java:13)
at utils.logs.Log.info(Log.java:13)
at utils.logs.Log.info(Log.java:13)
at utils.logs.Log.info(Log.java:13)
at utils.logs.Log.info(Log.java:13)
at utils.logs.Log.info(Log.java:13)
at utils.logs.Log.info(Log.java:13)
at utils.logs.Log.info(Log.java:13)
at utils.logs.Log.info(Log.java:13)
at utils.logs.Log.info(Log.java:13)
at utils.logs.Log.info(Log.java:13)
at utils.logs.Log.info(Log.java:13)
at utils.logs.Log.info(Log.java:13)
at utils.logs.Log.info(Log.java:13)
at utils.logs.Log.info(Log.java:13)
at utils.logs.Log.info(Log.java:13)
at utils.logs.Log.info(Log.java:13)
at utils.logs.Log.info(Log.java:13)
at utils.logs.Log.info(Log.java:13)
at utils.logs.Log.info(Log.java:13)
at utils.logs.Log.info(Log.java:13)
at utils.logs.Log.info(Log.java:13)
at utils.logs.Log.info(Log.java:13)
at utils.logs.Log.info(Log.java:13)
at utils.logs.Log.info(Log.java:13)
at utils.logs.Log.info(Log.java:13)
at utils.logs.Log.info(Log.java:13)
at utils.logs.Log.info(Log.java:13)
at utils.logs.Log.info(Log.java:13)
at utils.logs.Log.info(Log.java:13)
at utils.logs.Log.info(Log.java:13)
at utils.logs.Log.info(Log.java:13)
at utils.logs.Log.info(Log.java:13)
at utils.logs.Log.info(Log.java:13)
at utils.logs.Log.info(Log.java:13)
at utils.logs.Log.info(Log.java:13)
at utils.logs.Log.info(Log.java:13)
at utils.logs.Log.info(Log.java:13)
at utils.logs.Log.info(Log.java:13)
at utils.logs.Log.info(Log.java:13)
at utils.logs.Log.info(Log.java:13)
at utils.logs.Log.info(Log.java:13)
at utils.logs.Log.info(Log.java:13)
at utils.logs.Log.info(Log.java:13)
at utils.logs.Log.info(Log.java:13)
at utils.logs.Log.info(Log.java:13)
at utils.logs.Log.info(Log.java:13)
at utils.logs.Log.info(Log.java:13)
at utils.logs.Log.info(Log.java:13)
at utils.logs.Log.info(Log.java:13)
at utils.logs.Log.info(Log.java:13)
at utils.logs.Log.info(Log.java:13)
at utils.logs.Log.info(Log.java:13)
at utils.logs.Log.info(Log.java:13)
at utils.logs.Log.info(Log.java:13)
at utils.logs.Log.info(Log.java:13)
at utils.logs.Log.info(Log.java:13)
at utils.logs.Log.info(Log.java:13)
at utils.logs.Log.info(Log.java:13)
at utils.logs.Log.info(Log.java:13)
at utils.logs.Log.info(Log.java:13)
at utils.logs.Log.info(Log.java:13)
at utils.logs.Log.info(Log.java:13)
at utils.logs.Log.info(Log.java:13)
at utils.logs.Log.info(Log.java:13)
at utils.logs.Log.info(Log.java:13)
at utils.logs.Log.info(Log.java:13)
at utils.logs.Log.info(Log.java:13)
at utils.logs.Log.info(Log.java:13)
at utils.logs.Log.info(Log.java:13)
at utils.logs.Log.info(Log.java:13)
at utils.logs.Log.info(Log.java:13)
at utils.logs.Log.info(Log.java:13)
at utils.logs.Log.info(Log.java:13)
at utils.logs.Log.info(Log.java:13)
at utils.logs.Log.info(Log.java:13)
at utils.logs.Log.info(Log.java:13)
at utils.logs.Log.info(Log.java:13)
at utils.logs.Log.info(Log.java:13)
at utils.logs.Log.info(Log.java:13)
at utils.logs.Log.info(Log.java:13)
at utils.logs.Log.info(Log.java:13)
at utils.logs.Log.info(Log.java:13)
at utils.logs.Log.info(Log.java:13)
at utils.logs.Log.info(Log.java:13)
at utils.logs.Log.info(Log.java:13)
at utils.logs.Log.info(Log.java:13)
at utils.logs.Log.info(Log.java:13)
at utils.logs.Log.info(Log.java:13)
at utils.logs.Log.info(Log.java:13)
at utils.logs.Log.info(Log.java:13)
at utils.logs.Log.info(Log.java:13)
at utils.logs.Log.info(Log.java:13)
at utils.logs.Log.info(Log.java:13)
at utils.logs.Log.info(Log.java:13)
at utils.logs.Log.info(Log.java:13)
at utils.logs.Log.info(Log.java:13)
at utils.logs.Log.info(Log.java:13)
at utils.logs.Log.info(Log.java:13)
at utils.logs.Log.info(Log.java:13)
at utils.logs.Log.info(Log.java:13)
at utils.logs.Log.info(Log.java:13)
at utils.logs.Log.info(Log.java:13)
at utils.logs.Log.info(Log.java:13)
at utils.logs.Log.info(Log.java:13)
at utils.logs.Log.info(Log.java:13)
at utils.logs.Log.info(Log.java:13)
at utils.logs.Log.info(Log.java:13)
at utils.logs.Log.info(Log.java:13)
at utils.logs.Log.info(Log.java:13)
at utils.logs.Log.info(Log.java:13)
at utils.logs.Log.info(Log.java:13)
at utils.logs.Log.info(Log.java:13)
at utils.logs.Log.info(Log.java:13)
at utils.logs.Log.info(Log.java:13)
at utils.logs.Log.info(Log.java:13)
at utils.logs.Log.info(Log.java:13)
at utils.logs.Log.info(Log.java:13)
at utils.logs.Log.info(Log.java:13)
at utils.logs.Log.info(Log.java:13)
at utils.logs.Log.info(Log.java:13)
at utils.logs.Log.info(Log.java:13)
at utils.logs.Log.info(Log.java:13)
at utils.logs.Log.info(Log.java:13)
at utils.logs.Log.info(Log.java:13)
at utils.logs.Log.info(Log.java:13)
at utils.logs.Log.info(Log.java:13)
at utils.logs.Log.info(Log.java:13)
at utils.logs.Log.info(Log.java:13)
at utils.logs.Log.info(Log.java:13)
at utils.logs.Log.info(Log.java:13)
at utils.logs.Log.info(Log.java:13)
at utils.logs.Log.info(Log.java:13)
at utils.logs.Log.info(Log.java:13)
at utils.logs.Log.info(Log.java:13)
at utils.logs.Log.info(Log.java:13)
at utils.logs.Log.info(Log.java:13)
at utils.logs.Log.info(Log.java:13)
at utils.logs.Log.info(Log.java:13)
at utils.logs.Log.info(Log.java:13)
at utils.logs.Log.info(Log.java:13)
at utils.logs.Log.info(Log.java:13)
at utils.logs.Log.info(Log.java:13)
at utils.logs.Log.info(Log.java:13)
at utils.logs.Log.info(Log.java:13)
at utils.logs.Log.info(Log.java:13)
at utils.logs.Log.info(Log.java:13)
at utils.logs.Log.info(Log.java:13)
at utils.logs.Log.info(Log.java:13)
at utils.logs.Log.info(Log.java:13)
at utils.logs.Log.info(Log.java:13)
at utils.logs.Log.info(Log.java:13)
at utils.logs.Log.info(Log.java:13)
at utils.logs.Log.info(Log.java:13)
at utils.logs.Log.info(Log.java:13)
at utils.logs.Log.info(Log.java:13)
at utils.logs.Log.info(Log.java:13)
at utils.logs.Log.info(Log.java:13)
at utils.logs.Log.info(Log.java:13)
at utils.logs.Log.info(Log.java:13)
at utils.logs.Log.info(Log.java:13)
at utils.logs.Log.info(Log.java:13)
at utils.logs.Log.info(Log.java:13)
at utils.logs.Log.info(Log.java:13)
at utils.logs.Log.info(Log.java:13)
at utils.logs.Log.info(Log.java:13)
at utils.logs.Log.info(Log.java:13)
at utils.logs.Log.info(Log.java:13)
at utils.logs.Log.info(Log.java:13)
at utils.logs.Log.info(Log.java:13)
at utils.logs.Log.info(Log.java:13)
at utils.logs.Log.info(Log.java:13)
at utils.logs.Log.info(Log.java:13)
at utils.logs.Log.info(Log.java:13)
at utils.logs.Log.info(Log.java:13)
at utils.logs.Log.info(Log.java:13)
at utils.logs.Log.info(Log.java:13)
at utils.logs.Log.info(Log.java:13)
at utils.logs.Log.info(Log.java:13)
at utils.logs.Log.info(Log.java:13)
at utils.logs.Log.info(Log.java:13)
at utils.logs.Log.info(Log.java:13)
at utils.logs.Log.info(Log.java:13)
at utils.logs.Log.info(Log.java:13)
at utils.logs.Log.info(Log.java:13)
at utils.logs.Log.info(Log.java:13)
at utils.logs.Log.info(Log.java:13)
at utils.logs.Log.info(Log.java:13)
at utils.logs.Log.info(Log.java:13)
at utils.logs.Log.info(Log.java:13)
at utils.logs.Log.info(Log.java:13)
at utils.logs.Log.info(Log.java:13)
at utils.logs.Log.info(Log.java:13)
at utils.logs.Log.info(Log.java:13)
at utils.logs.Log.info(Log.java:13)
at utils.logs.Log.info(Log.java:13)
at utils.logs.Log.info(Log.java:13)
at utils.logs.Log.info(Log.java:13)
at utils.logs.Log.info(Log.java:13)
at utils.logs.Log.info(Log.java:13)
at utils.logs.Log.info(Log.java:13)
at utils.logs.Log.info(Log.java:13)
at utils.logs.Log.info(Log.java:13)
at utils.logs.Log.info(Log.java:13)
at utils.logs.Log.info(Log.java:13)
at utils.logs.Log.info(Log.java:13)
at utils.logs.Log.info(Log.java:13)
at utils.logs.Log.info(Log.java:13)
at utils.logs.Log.info(Log.java:13)
at utils.logs.Log.info(Log.java:13)
at utils.logs.Log.info(Log.java:13)
at utils.logs.Log.info(Log.java:13)
at utils.logs.Log.info(Log.java:13)
at utils.logs.Log.info(Log.java:13)
at utils.logs.Log.info(Log.java:13)
at utils.logs.Log.info(Log.java:13)
at utils.logs.Log.info(Log.java:13)
at utils.logs.Log.info(Log.java:13)
at utils.logs.Log.info(Log.java:13)
at utils.logs.Log.info(Log.java:13)
at utils.logs.Log.info(Log.java:13)
at utils.logs.Log.info(Log.java:13)
at utils.logs.Log.info(Log.java:13)
at utils.logs.Log.info(Log.java:13)
at utils.logs.Log.info(Log.java:13)
at utils.logs.Log.info(Log.java:13)
at utils.logs.Log.info(Log.java:13)
at utils.logs.Log.info(Log.java:13)
at utils.logs.Log.info(Log.java:13)
at utils.logs.Log.info(Log.java:13)
at utils.logs.Log.info(Log.java:13)
at utils.logs.Log.info(Log.java:13)
at utils.logs.Log.info(Log.java:13)
at utils.logs.Log.info(Log.java:13)
at utils.logs.Log.info(Log.java:13)
at utils.logs.Log.info(Log.java:13)
at utils.logs.Log.info(Log.java:13)
at utils.logs.Log.info(Log.java:13)
at utils.logs.Log.info(Log.java:13)
at utils.logs.Log.info(Log.java:13)
at utils.logs.Log.info(Log.java:13)
at utils.logs.Log.info(Log.java:13)
at utils.logs.Log.info(Log.java:13)
at utils.logs.Log.info(Log.java:13)
at utils.logs.Log.info(Log.java:13)
at utils.logs.Log.info(Log.java:13)
at utils.logs.Log.info(Log.java:13)
at utils.logs.Log.info(Log.java:13)
at utils.logs.Log.info(Log.java:13)
at utils.logs.Log.info(Log.java:13)
at utils.logs.Log.info(Log.java:13)
at utils.logs.Log.info(Log.java:13)
at utils.logs.Log.info(Log.java:13)
at utils.logs.Log.info(Log.java:13)
at utils.logs.Log.info(Log.java:13)
at utils.logs.Log.info(Log.java:13)
at utils.logs.Log.info(Log.java:13)
at utils.logs.Log.info(Log.java:13)
at utils.logs.Log.info(Log.java:13)
at utils.logs.Log.info(Log.java:13)
at utils.logs.Log.info(Log.java:13)
at utils.logs.Log.info(Log.java:13)
at utils.logs.Log.info(Log.java:13)
at utils.logs.Log.info(Log.java:13)
at utils.logs.Log.info(Log.java:13)
at utils.logs.Log.info(Log.java:13)
at utils.logs.Log.info(Log.java:13)
at utils.logs.Log.info(Log.java:13)
at utils.logs.Log.info(Log.java:13)
at utils.logs.Log.info(Log.java:13)
at utils.logs.Log.info(Log.java:13)
at utils.logs.Log.info(Log.java:13)
at utils.logs.Log.info(Log.java:13)
at utils.logs.Log.info(Log.java:13)
at utils.logs.Log.info(Log.java:13)
at utils.logs.Log.info(Log.java:13)
at utils.logs.Log.info(Log.java:13)
at utils.logs.Log.info(Log.java:13)
at utils.logs.Log.info(Log.java:13)
at utils.logs.Log.info(Log.java:13)
at utils.logs.Log.info(Log.java:13)
at utils.logs.Log.info(Log.java:13)
at utils.logs.Log.info(Log.java:13)
at utils.logs.Log.info(Log.java:13)
at utils.logs.Log.info(Log.java:13)
at utils.logs.Log.info(Log.java:13)
at utils.logs.Log.info(Log.java:13)
at utils.logs.Log.info(Log.java:13)
at utils.logs.Log.info(Log.java:13)
at utils.logs.Log.info(Log.java:13)
at utils.logs.Log.info(Log.java:13)
at utils.logs.Log.info(Log.java:13)
at utils.logs.Log.info(Log.java:13)
at utils.logs.Log.info(Log.java:13)
at utils.logs.Log.info(Log.java:13)
at utils.logs.Log.info(Log.java:13)
at utils.logs.Log.info(Log.java:13)
at utils.logs.Log.info(Log.java:13)
at utils.logs.Log.info(Log.java:13)
at utils.logs.Log.info(Log.java:13)
at utils.logs.Log.info(Log.java:13)
at utils.logs.Log.info(Log.java:13)
at utils.logs.Log.info(Log.java:13)
at utils.logs.Log.info(Log.java:13)
at utils.logs.Log.info(Log.java:13)
at utils.logs.Log.info(Log.java:13)
at utils.logs.Log.info(Log.java:13)
at utils.logs.Log.info(Log.java:13)
at utils.logs.Log.info(Log.java:13)
at utils.logs.Log.info(Log.java:13)
at utils.logs.Log.info(Log.java:13)
at utils.logs.Log.info(Log.java:13)
at utils.logs.Log.info(Log.java:13)
at utils.logs.Log.info(Log.java:13)
at utils.logs.Log.info(Log.java:13)
at utils.logs.Log.info(Log.java:13)
at utils.logs.Log.info(Log.java:13)
at utils.logs.Log.info(Log.java:13)
at utils.logs.Log.info(Log.java:13)
at utils.logs.Log.info(Log.java:13)
at utils.logs.Log.info(Log.java:13)
at utils.logs.Log.info(Log.java:13)
at utils.logs.Log.info(Log.java:13)
at utils.logs.Log.info(Log.java:13)
at utils.logs.Log.info(Log.java:13)
at utils.logs.Log.info(Log.java:13)
at utils.logs.Log.info(Log.java:13)
at utils.logs.Log.info(Log.java:13)
at utils.logs.Log.info(Log.java:13)
at utils.logs.Log.info(Log.java:13)
at utils.logs.Log.info(Log.java:13)
at utils.logs.Log.info(Log.java:13)
at utils.logs.Log.info(Log.java:13)
at utils.logs.Log.info(Log.java:13)
at utils.logs.Log.info(Log.java:13)
at utils.logs.Log.info(Log.java:13)
at utils.logs.Log.info(Log.java:13)
at utils.logs.Log.info(Log.java:13)
at utils.logs.Log.info(Log.java:13)
at utils.logs.Log.info(Log.java:13)
at utils.logs.Log.info(Log.java:13)
at utils.logs.Log.info(Log.java:13)
at utils.logs.Log.info(Log.java:13)
at utils.logs.Log.info(Log.java:13)
at utils.logs.Log.info(Log.java:13)
at utils.logs.Log.info(Log.java:13)
at utils.logs.Log.info(Log.java:13)
at utils.logs.Log.info(Log.java:13)
at utils.logs.Log.info(Log.java:13)
at utils.logs.Log.info(Log.java:13)
at utils.logs.Log.info(Log.java:13)
at utils.logs.Log.info(Log.java:13)
at utils.logs.Log.info(Log.java:13)
at utils.logs.Log.info(Log.java:13)
at utils.logs.Log.info(Log.java:13)
at utils.logs.Log.info(Log.java:13)
at utils.logs.Log.info(Log.java:13)
at utils.logs.Log.info(Log.java:13)
at utils.logs.Log.info(Log.java:13)
at utils.logs.Log.info(Log.java:13)
at utils.logs.Log.info(Log.java:13)
at utils.logs.Log.info(Log.java:13)
at utils.logs.Log.info(Log.java:13)
at utils.logs.Log.info(Log.java:13)
at utils.logs.Log.info(Log.java:13)
at utils.logs.Log.info(Log.java:13)
at utils.logs.Log.info(Log.java:13)
at utils.logs.Log.info(Log.java:13)
at utils.logs.Log.info(Log.java:13)
at utils.logs.Log.info(Log.java:13)
at utils.logs.Log.info(Log.java:13)
at utils.logs.Log.info(Log.java:13)
at utils.logs.Log.info(Log.java:13)
at utils.logs.Log.info(Log.java:13)
at utils.logs.Log.info(Log.java:13)
at utils.logs.Log.info(Log.java:13)
at utils.logs.Log.info(Log.java:13)
at utils.logs.Log.info(Log.java:13)
at utils.logs.Log.info(Log.java:13)
at utils.logs.Log.info(Log.java:13)
at utils.logs.Log.info(Log.java:13)
at utils.logs.Log.info(Log.java:13)
at utils.logs.Log.info(Log.java:13)
at utils.logs.Log.info(Log.java:13)
at utils.logs.Log.info(Log.java:13)
at utils.logs.Log.info(Log.java:13)
at utils.logs.Log.info(Log.java:13)
at utils.logs.Log.info(Log.java:13)
at utils.logs.Log.info(Log.java:13)
at utils.logs.Log.info(Log.java:13)
at utils.logs.Log.info(Log.java:13)
at utils.logs.Log.info(Log.java:13)
at utils.logs.Log.info(Log.java:13)
at utils.logs.Log.info(Log.java:13)
at utils.logs.Log.info(Log.java:13)
at utils.logs.Log.info(Log.java:13)
at utils.logs.Log.info(Log.java:13)
at utils.logs.Log.info(Log.java:13)
at utils.logs.Log.info(Log.java:13)
at utils.logs.Log.info(Log.java:13)
at utils.logs.Log.info(Log.java:13)
at utils.logs.Log.info(Log.java:13)
at utils.logs.Log.info(Log.java:13)
at utils.logs.Log.info(Log.java:13)
at utils.logs.Log.info(Log.java:13)
at utils.logs.Log.info(Log.java:13)
at utils.logs.Log.info(Log.java:13)
at utils.logs.Log.info(Log.java:13)
at utils.logs.Log.info(Log.java:13)
at utils.logs.Log.info(Log.java:13)
at utils.logs.Log.info(Log.java:13)
at utils.logs.Log.info(Log.java:13)
at utils.logs.Log.info(Log.java:13)
at utils.logs.Log.info(Log.java:13)
at utils.logs.Log.info(Log.java:13)
at utils.logs.Log.info(Log.java:13)
at utils.logs.Log.info(Log.java:13)
at utils.logs.Log.info(Log.java:13)
at utils.logs.Log.info(Log.java:13)
at utils.logs.Log.info(Log.java:13)
at utils.logs.Log.info(Log.java:13)
at utils.logs.Log.info(Log.java:13)
at utils.logs.Log.info(Log.java:13)
at utils.logs.Log.info(Log.java:13)
at utils.logs.Log.info(Log.java:13)
at utils.logs.Log.info(Log.java:13)
at utils.logs.Log.info(Log.java:13)
at utils.logs.Log.info(Log.java:13)
at utils.logs.Log.info(Log.java:13)
at utils.logs.Log.info(Log.java:13)
at utils.logs.Log.info(Log.java:13)
at utils.logs.Log.info(Log.java:13)
at utils.logs.Log.info(Log.java:13)
at utils.logs.Log.info(Log.java:13)
at utils.logs.Log.info(Log.java:13)
at utils.logs.Log.info(Log.java:13)
at utils.logs.Log.info(Log.java:13)
at utils.logs.Log.info(Log.java:13)
at utils.logs.Log.info(Log.java:13)
at utils.logs.Log.info(Log.java:13)
at utils.logs.Log.info(Log.java:13)
at utils.logs.Log.info(Log.java:13)
at utils.logs.Log.info(Log.java:13)
at utils.logs.Log.info(Log.java:13)
at utils.logs.Log.info(Log.java:13)
at utils.logs.Log.info(Log.java:13)
at utils.logs.Log.info(Log.java:13)
at utils.logs.Log.info(Log.java:13)
at utils.logs.Log.info(Log.java:13)
at utils.logs.Log.info(Log.java:13)
at utils.logs.Log.info(Log.java:13)
at utils.logs.Log.info(Log.java:13)
at utils.logs.Log.info(Log.java:13)
at utils.logs.Log.info(Log.java:13)
at utils.logs.Log.info(Log.java:13)
at utils.logs.Log.info(Log.java:13)
at utils.logs.Log.info(Log.java:13)
at utils.logs.Log.info(Log.java:13)
at utils.logs.Log.info(Log.java:13)
at utils.logs.Log.info(Log.java:13)
at utils.logs.Log.info(Log.java:13)
at utils.logs.Log.info(Log.java:13)
at utils.logs.Log.info(Log.java:13)
at utils.logs.Log.info(Log.java:13)
at utils.logs.Log.info(Log.java:13)
at utils.logs.Log.info(Log.java:13)
at utils.logs.Log.info(Log.java:13)
at utils.logs.Log.info(Log.java:13)
at utils.logs.Log.info(Log.java:13)
at utils.logs.Log.info(Log.java:13)
at utils.logs.Log.info(Log.java:13)
at utils.logs.Log.info(Log.java:13)
at utils.logs.Log.info(Log.java:13)
at utils.logs.Log.info(Log.java:13)
at utils.logs.Log.info(Log.java:13)
at utils.logs.Log.info(Log.java:13)
at utils.logs.Log.info(Log.java:13)
at utils.logs.Log.info(Log.java:13)
at utils.logs.Log.info(Log.java:13)
at utils.logs.Log.info(Log.java:13)
at utils.logs.Log.info(Log.java:13)
at utils.logs.Log.info(Log.java:13)
at utils.logs.Log.info(Log.java:13)
at utils.logs.Log.info(Log.java:13)
at utils.logs.Log.info(Log.java:13)
at utils.logs.Log.info(Log.java:13)
at utils.logs.Log.info(Log.java:13)
at utils.logs.Log.info(Log.java:13)
at utils.logs.Log.info(Log.java:13)
at utils.logs.Log.info(Log.java:13)
at utils.logs.Log.info(Log.java:13)
at utils.logs.Log.info(Log.java:13)
at utils.logs.Log.info(Log.java:13)
at utils.logs.Log.info(Log.java:13)
at utils.logs.Log.info(Log.java:13)
at utils.logs.Log.info(Log.java:13)
at utils.logs.Log.info(Log.java:13)
at utils.logs.Log.info(Log.java:13)
at utils.logs.Log.info(Log.java:13)
at utils.logs.Log.info(Log.java:13)
at utils.logs.Log.info(Log.java:13)
at utils.logs.Log.info(Log.java:13)
at utils.logs.Log.info(Log.java:13)
at utils.logs.Log.info(Log.java:13)
at utils.logs.Log.info(Log.java:13)
at utils.logs.Log.info(Log.java:13)
at utils.logs.Log.info(Log.java:13)
at utils.logs.Log.info(Log.java:13)
at utils.logs.Log.info(Log.java:13)
at utils.logs.Log.info(Log.java:13)
at utils.logs.Log.info(Log.java:13)
at utils.logs.Log.info(Log.java:13)
at utils.logs.Log.info(Log.java:13)
at utils.logs.Log.info(Log.java:13)
at utils.logs.Log.info(Log.java:13)
at utils.logs.Log.info(Log.java:13)
at utils.logs.Log.info(Log.java:13)
at utils.logs.Log.info(Log.java:13)
at utils.logs.Log.info(Log.java:13)
at utils.logs.Log.info(Log.java:13)
at utils.logs.Log.info(Log.java:13)
at utils.logs.Log.info(Log.java:13)
at utils.logs.Log.info(Log.java:13)
at utils.logs.Log.info(Log.java:13)
at utils.logs.Log.info(Log.java:13)
at utils.logs.Log.info(Log.java:13)
at utils.logs.Log.info(Log.java:13)
at utils.logs.Log.info(Log.java:13)
at utils.logs.Log.info(Log.java:13)
at utils.logs.Log.info(Log.java:13)
at utils.logs.Log.info(Log.java:13)
at utils.logs.Log.info(Log.java:13)
at utils.logs.Log.info(Log.java:13)
at utils.logs.Log.info(Log.java:13)
at utils.logs.Log.info(Log.java:13)
at utils.logs.Log.info(Log.java:13)
at utils.logs.Log.info(Log.java:13)
at utils.logs.Log.info(Log.java:13)
at utils.logs.Log.info(Log.java:13)
at utils.logs.Log.info(Log.java:13)
at utils.logs.Log.info(Log.java:13)
at utils.logs.Log.info(Log.java:13)
at utils.logs.Log.info(Log.java:13)
at utils.logs.Log.info(Log.java:13)
at utils.logs.Log.info(Log.java:13)
at utils.logs.Log.info(Log.java:13)
at utils.logs.Log.info(Log.java:13)
at utils.logs.Log.info(Log.java:13)
at utils.logs.Log.info(Log.java:13)
at utils.logs.Log.info(Log.java:13)
at utils.logs.Log.info(Log.java:13)
at utils.logs.Log.info(Log.java:13)
at utils.logs.Log.info(Log.java:13)
at utils.logs.Log.info(Log.java:13)
at utils.logs.Log.info(Log.java:13)
at utils.logs.Log.info(Log.java:13)
at utils.logs.Log.info(Log.java:13)
at utils.logs.Log.info(Log.java:13)
at utils.logs.Log.info(Log.java:13)
at utils.logs.Log.info(Log.java:13)
at utils.logs.Log.info(Log.java:13)
at utils.logs.Log.info(Log.java:13)
at utils.logs.Log.info(Log.java:13)
at utils.logs.Log.info(Log.java:13)
at utils.logs.Log.info(Log.java:13)
at utils.logs.Log.info(Log.java:13)
at utils.logs.Log.info(Log.java:13)
at utils.logs.Log.info(Log.java:13)
at utils.logs.Log.info(Log.java:13)
at utils.logs.Log.info(Log.java:13)
at utils.logs.Log.info(Log.java:13)
at utils.logs.Log.info(Log.java:13)
at utils.logs.Log.info(Log.java:13)
at utils.logs.Log.info(Log.java:13)
at utils.logs.Log.info(Log.java:13)
at utils.logs.Log.info(Log.java:13)
at utils.logs.Log.info(Log.java:13)
at utils.logs.Log.info(Log.java:13)
at utils.logs.Log.info(Log.java:13)
at utils.logs.Log.info(Log.java:13)
at utils.logs.Log.info(Log.java:13)
at utils.logs.Log.info(Log.java:13)
at utils.logs.Log.info(Log.java:13)
at utils.logs.Log.info(Log.java:13)
at utils.logs.Log.info(Log.java:13)
at utils.logs.Log.info(Log.java:13)
at utils.logs.Log.info(Log.java:13)
at utils.logs.Log.info(Log.java:13)
at utils.logs.Log.info(Log.java:13)
at utils.logs.Log.info(Log.java:13)
at utils.logs.Log.info(Log.java:13)
at utils.logs.Log.info(Log.java:13)
at utils.logs.Log.info(Log.java:13)
at utils.logs.Log.info(Log.java:13)
at utils.logs.Log.info(Log.java:13)
at utils.logs.Log.info(Log.java:13)
at utils.logs.Log.info(Log.java:13)
at utils.logs.Log.info(Log.java:13)
at utils.logs.Log.info(Log.java:13)
at utils.logs.Log.info(Log.java:13)
at utils.logs.Log.info(Log.java:13)
at utils.logs.Log.info(Log.java:13)
at utils.logs.Log.info(Log.java:13)
at utils.logs.Log.info(Log.java:13)
at utils.logs.Log.info(Log.java:13)
at utils.logs.Log.info(Log.java:13)
at utils.logs.Log.info(Log.java:13)
at utils.logs.Log.info(Log.java:13)
at utils.logs.Log.info(Log.java:13)
at utils.logs.Log.info(Log.java:13)
at utils.logs.Log.info(Log.java:13)
at utils.logs.Log.info(Log.java:13)
at utils.logs.Log.info(Log.java:13)
at utils.logs.Log.info(Log.java:13)
at utils.logs.Log.info(Log.java:13)
at utils.logs.Log.info(Log.java:13)
at utils.logs.Log.info(Log.java:13)
at utils.logs.Log.info(Log.java:13)
at utils.logs.Log.info(Log.java:13)
at utils.logs.Log.info(Log.java:13)
at utils.logs.Log.info(Log.java:13)
at utils.logs.Log.info(Log.java:13)
at utils.logs.Log.info(Log.java:13)
at utils.logs.Log.info(Log.java:13)
at utils.logs.Log.info(Log.java:13)
at utils.logs.Log.info(Log.java:13)
at utils.logs.Log.info(Log.java:13)
at utils.logs.Log.info(Log.java:13)
at utils.logs.Log.info(Log.java:13)
at utils.logs.Log.info(Log.java:13)
at utils.logs.Log.info(Log.java:13)
at utils.logs.Log.info(Log.java:13)
at utils.logs.Log.info(Log.java:13)
at utils.logs.Log.info(Log.java:13)
at utils.logs.Log.info(Log.java:13)
at utils.logs.Log.info(Log.java:13)
at utils.logs.Log.info(Log.java:13)
at utils.logs.Log.info(Log.java:13)
at utils.logs.Log.info(Log.java:13)
at utils.logs.Log.info(Log.java:13)
at utils.logs.Log.info(Log.java:13)
at utils.logs.Log.info(Log.java:13)
at utils.logs.Log.info(Log.java:13)
at utils.logs.Log.info(Log.java:13)
at utils.logs.Log.info(Log.java:13)
at utils.logs.Log.info(Log.java:13)
at utils.logs.Log.info(Log.java:13)
at utils.logs.Log.info(Log.java:13)
at utils.logs.Log.info(Log.java:13)
at utils.logs.Log.info(Log.java:13)
at utils.logs.Log.info(Log.java:13)
at utils.logs.Log.info(Log.java:13)
at utils.logs.Log.info(Log.java:13)
at utils.logs.Log.info(Log.java:13)
at utils.logs.Log.info(Log.java:13)
at utils.logs.Log.info(Log.java:13)
at utils.logs.Log.info(Log.java:13)
at utils.logs.Log.info(Log.java:13)
at utils.logs.Log.info(Log.java:13)
at utils.logs.Log.info(Log.java:13)
at utils.logs.Log.info(Log.java:13)
at utils.logs.Log.info(Log.java:13)
at utils.logs.Log.info(Log.java:13)
at utils.logs.Log.info(Log.java:13)
at utils.logs.Log.info(Log.java:13)
at utils.logs.Log.info(Log.java:13)
at utils.logs.Log.info(Log.java:13)
at utils.logs.Log.info(Log.java:13)
at utils.logs.Log.info(Log.java:13)
at utils.logs.Log.info(Log.java:13)
at utils.logs.Log.info(Log.java:13)
at utils.logs.Log.info(Log.java:13)
at utils.logs.Log.info(Log.java:13)
at utils.logs.Log.info(Log.java:13)
at utils.logs.Log.info(Log.java:13)
at utils.logs.Log.info(Log.java:13)
at utils.logs.Log.info(Log.java:13)
at utils.logs.Log.info(Log.java:13)
at utils.logs.Log.info(Log.java:13)
at utils.logs.Log.info(Log.java:13)
at utils.logs.Log.info(Log.java:13)
at utils.logs.Log.info(Log.java:13)
at utils.logs.Log.info(Log.java:13)
at utils.logs.Log.info(Log.java:13)
at utils.logs.Log.info(Log.java:13)
at utils.logs.Log.info(Log.java:13)
at utils.logs.Log.info(Log.java:13)
at utils.logs.Log.info(Log.java:13)
at utils.logs.Log.info(Log.java:13)
at utils.logs.Log.info(Log.java:13)
at utils.logs.Log.info(Log.java:13)
at utils.logs.Log.info(Log.java:13)
at utils.logs.Log.info(Log.java:13)
at utils.logs.Log.info(Log.java:13)
at utils.logs.Log.info(Log.java:13)
at utils.logs.Log.info(Log.java:13)
at utils.logs.Log.info(Log.java:13)
at utils.logs.Log.info(Log.java:13)
at utils.logs.Log.info(Log.java:13)
at utils.logs.Log.info(Log.java:13)
at utils.logs.Log.info(Log.java:13)
at utils.logs.Log.info(Log.java:13)
at utils.logs.Log.info(Log.java:13)
at utils.logs.Log.info(Log.java:13)
at utils.logs.Log.info(Log.java:13)
at utils.logs.Log.info(Log.java:13)
at utils.logs.Log.info(Log.java:13)
at utils.logs.Log.info(Log.java:13)
at utils.logs.Log.info(Log.java:13)
at utils.logs.Log.info(Log.java:13)
at utils.logs.Log.info(Log.java:13)
at utils.logs.Log.info(Log.java:13)
at utils.logs.Log.info(Log.java:13)
at utils.logs.Log.info(Log.java:13)
at utils.logs.Log.info(Log.java:13)
at utils.logs.Log.info(Log.java:13)
at utils.logs.Log.info(Log.java:13)
at utils.logs.Log.info(Log.java:13)
at utils.logs.Log.info(Log.java:13)
at utils.logs.Log.info(Log.java:13)
at utils.logs.Log.info(Log.java:13)
at utils.logs.Log.info(Log.java:13)
at utils.logs.Log.info(Log.java:13)
at utils.logs.Log.info(Log.java:13)
at utils.logs.Log.info(Log.java:13)
at utils.logs.Log.info(Log.java:13)
at utils.logs.Log.info(Log.java:13)
at utils.logs.Log.info(Log.java:13)
at utils.logs.Log.info(Log.java:13)
at utils.logs.Log.info(Log.java:13)
at utils.logs.Log.info(Log.java:13)
at utils.logs.Log.info(Log.java:13)
at utils.logs.Log.info(Log.java:13)
at utils.logs.Log.info(Log.java:13)
at utils.logs.Log.info(Log.java:13)
at utils.logs.Log.info(Log.java:13)
at utils.logs.Log.info(Log.java:13)
at utils.logs.Log.info(Log.java:13)
at utils.logs.Log.info(Log.java:13)
at utils.logs.Log.info(Log.java:13)
at utils.logs.Log.info(Log.java:13)
at utils.logs.Log.info(Log.java:13)
at utils.logs.Log.info(Log.java:13)
at utils.logs.Log.info(Log.java:13)
at utils.logs.Log.info(Log.java:13)
at utils.logs.Log.info(Log.java:13)
at utils.logs.Log.info(Log.java:13)
at utils.logs.Log.info(Log.java:13)
at utils.logs.Log.info(Log.java:13)
at utils.logs.Log.info(Log.java:13)
at utils.logs.Log.info(Log.java:13)
at utils.logs.Log.info(Log.java:13)
at utils.logs.Log.info(Log.java:13)
at utils.logs.Log.info(Log.java:13)
at utils.logs.Log.info(Log.java:13)
at utils.logs.Log.info(Log.java:13)
at utils.logs.Log.info(Log.java:13)
at utils.logs.Log.info(Log.java:13)
at utils.logs.Log.info(Log.java:13)
at utils.logs.Log.info(Log.java:13)
at utils.logs.Log.info(Log.java:13)
at utils.logs.Log.info(Log.java:13)
at utils.logs.Log.info(Log.java:13)
at utils.logs.Log.info(Log.java:13)
at utils.logs.Log.info(Log.java:13)
at utils.logs.Log.info(Log.java:13)
at utils.logs.Log.info(Log.java:13)
at utils.logs.Log.info(Log.java:13)
at utils.logs.Log.info(Log.java:13)
]]>
    </failure>
  </testcase> <!-- @BeforeTest before -->
</testsuite>
