<?xml version="1.0" encoding="UTF-8"?>
<testng-results skipped="0" failed="0" ignored="0" total="0" passed="0">
  <reporter-output>
  </reporter-output>
  <suite name="Command line suite" duration-ms="2453" started-at="2021-07-19T14:46:41 CAT" finished-at="2021-07-19T14:46:44 CAT">
    <groups>
    </groups>
    <test name="Command line test" duration-ms="2453" started-at="2021-07-19T14:46:41 CAT" finished-at="2021-07-19T14:46:44 CAT">
      <class name="test_runner.TestRunner">
        <test-method status="FAIL" signature="before()[pri:0, instance:test_runner.TestRunner@6500df86]" name="before" is-config="true" duration-ms="2357" started-at="2021-07-19T14:46:41 CAT" finished-at="2021-07-19T14:46:43 CAT">
          <exception class="java.lang.StackOverflowError">
            <full-stacktrace>
              <![CDATA[java.lang.StackOverflowError
at utils.logs.Log.info(Log.java:13)
at utils.logs.Log.info(Log.java:13)
at utils.logs.Log.info(Log.java:13)
at utils.logs.Log.info(Log.java:13)
at utils.logs.Log.info(Log.java:13)
at utils.logs.Log.info(Log.java:13)
at utils.logs.Log.info(Log.java:13)
at utils.logs.Log.info(Log.java:13)
at utils.logs.Log.info(Log.java:13)
at utils.logs.Log.info(Log.java:13)
at utils.logs.Log.info(Log.java:13)
at utils.logs.Log.info(Log.java:13)
at utils.logs.Log.info(Log.java:13)
at utils.logs.Log.info(Log.java:13)
at utils.logs.Log.info(Log.java:13)
at utils.logs.Log.info(Log.java:13)
at utils.logs.Log.info(Log.java:13)
at utils.logs.Log.info(Log.java:13)
at utils.logs.Log.info(Log.java:13)
at utils.logs.Log.info(Log.java:13)
at utils.logs.Log.info(Log.java:13)
at utils.logs.Log.info(Log.java:13)
at utils.logs.Log.info(Log.java:13)
at utils.logs.Log.info(Log.java:13)
at utils.logs.Log.info(Log.java:13)
at utils.logs.Log.info(Log.java:13)
at utils.logs.Log.info(Log.java:13)
at utils.logs.Log.info(Log.java:13)
at utils.logs.Log.info(Log.java:13)
at utils.logs.Log.info(Log.java:13)
at utils.logs.Log.info(Log.java:13)
at utils.logs.Log.info(Log.java:13)
at utils.logs.Log.info(Log.java:13)
at utils.logs.Log.info(Log.java:13)
at utils.logs.Log.info(Log.java:13)
at utils.logs.Log.info(Log.java:13)
at utils.logs.Log.info(Log.java:13)
at utils.logs.Log.info(Log.java:13)
at utils.logs.Log.info(Log.java:13)
at utils.logs.Log.info(Log.java:13)
at utils.logs.Log.info(Log.java:13)
at utils.logs.Log.info(Log.java:13)
at utils.logs.Log.info(Log.java:13)
at utils.logs.Log.info(Log.java:13)
at utils.logs.Log.info(Log.java:13)
at utils.logs.Log.info(Log.java:13)
at utils.logs.Log.info(Log.java:13)
at utils.logs.Log.info(Log.java:13)
at utils.logs.Log.info(Log.java:13)
at utils.logs.Log.info(Log.java:13)
at utils.logs.Log.info(Log.java:13)
at utils.logs.Log.info(Log.java:13)
at utils.logs.Log.info(Log.java:13)
at utils.logs.Log.info(Log.java:13)
at utils.logs.Log.info(Log.java:13)
at utils.logs.Log.info(Log.java:13)
at utils.logs.Log.info(Log.java:13)
at utils.logs.Log.info(Log.java:13)
at utils.logs.Log.info(Log.java:13)
at utils.logs.Log.info(Log.java:13)
at utils.logs.Log.info(Log.java:13)
at utils.logs.Log.info(Log.java:13)
at utils.logs.Log.info(Log.java:13)
at utils.logs.Log.info(Log.java:13)
at utils.logs.Log.info(Log.java:13)
at utils.logs.Log.info(Log.java:13)
at utils.logs.Log.info(Log.java:13)
at utils.logs.Log.info(Log.java:13)
at utils.logs.Log.info(Log.java:13)
at utils.logs.Log.info(Log.java:13)
at utils.logs.Log.info(Log.java:13)
at utils.logs.Log.info(Log.java:13)
at utils.logs.Log.info(Log.java:13)
at utils.logs.Log.info(Log.java:13)
at utils.logs.Log.info(Log.java:13)
at utils.logs.Log.info(Log.java:13)
at utils.logs.Log.info(Log.java:13)
at utils.logs.Log.info(Log.java:13)
at utils.logs.Log.info(Log.java:13)
at utils.logs.Log.info(Log.java:13)
at utils.logs.Log.info(Log.java:13)
at utils.logs.Log.info(Log.java:13)
at utils.logs.Log.info(Log.java:13)
at utils.logs.Log.info(Log.java:13)
at utils.logs.Log.info(Log.java:13)
at utils.logs.Log.info(Log.java:13)
at utils.logs.Log.info(Log.java:13)
at utils.logs.Log.info(Log.java:13)
at utils.logs.Log.info(Log.java:13)
at utils.logs.Log.info(Log.java:13)
at utils.logs.Log.info(Log.java:13)
at utils.logs.Log.info(Log.java:13)
at utils.logs.Log.info(Log.java:13)
at utils.logs.Log.info(Log.java:13)
at utils.logs.Log.info(Log.java:13)
at utils.logs.Log.info(Log.java:13)
at utils.logs.Log.info(Log.java:13)
at utils.logs.Log.info(Log.java:13)
at utils.logs.Log.info(Log.java:13)
at utils.logs.Log.info(Log.java:13)
at utils.logs.Log.info(Log.java:13)
at utils.logs.Log.info(Log.java:13)
at utils.logs.Log.info(Log.java:13)
at utils.logs.Log.info(Log.java:13)
at utils.logs.Log.info(Log.java:13)
at utils.logs.Log.info(Log.java:13)
at utils.logs.Log.info(Log.java:13)
at utils.logs.Log.info(Log.java:13)
at utils.logs.Log.info(Log.java:13)
at utils.logs.Log.info(Log.java:13)
at utils.logs.Log.info(Log.java:13)
at utils.logs.Log.info(Log.java:13)
at utils.logs.Log.info(Log.java:13)
at utils.logs.Log.info(Log.java:13)
at utils.logs.Log.info(Log.java:13)
at utils.logs.Log.info(Log.java:13)
at utils.logs.Log.info(Log.java:13)
at utils.logs.Log.info(Log.java:13)
at utils.logs.Log.info(Log.java:13)
at utils.logs.Log.info(Log.java:13)
at utils.logs.Log.info(Log.java:13)
at utils.logs.Log.info(Log.java:13)
at utils.logs.Log.info(Log.java:13)
at utils.logs.Log.info(Log.java:13)
at utils.logs.Log.info(Log.java:13)
at utils.logs.Log.info(Log.java:13)
at utils.logs.Log.info(Log.java:13)
at utils.logs.Log.info(Log.java:13)
at utils.logs.Log.info(Log.java:13)
at utils.logs.Log.info(Log.java:13)
at utils.logs.Log.info(Log.java:13)
at utils.logs.Log.info(Log.java:13)
at utils.logs.Log.info(Log.java:13)
at utils.logs.Log.info(Log.java:13)
at utils.logs.Log.info(Log.java:13)
at utils.logs.Log.info(Log.java:13)
at utils.logs.Log.info(Log.java:13)
at utils.logs.Log.info(Log.java:13)
at utils.logs.Log.info(Log.java:13)
at utils.logs.Log.info(Log.java:13)
at utils.logs.Log.info(Log.java:13)
at utils.logs.Log.info(Log.java:13)
at utils.logs.Log.info(Log.java:13)
at utils.logs.Log.info(Log.java:13)
at utils.logs.Log.info(Log.java:13)
at utils.logs.Log.info(Log.java:13)
at utils.logs.Log.info(Log.java:13)
at utils.logs.Log.info(Log.java:13)
at utils.logs.Log.info(Log.java:13)
at utils.logs.Log.info(Log.java:13)
at utils.logs.Log.info(Log.java:13)
at utils.logs.Log.info(Log.java:13)
at utils.logs.Log.info(Log.java:13)
at utils.logs.Log.info(Log.java:13)
at utils.logs.Log.info(Log.java:13)
at utils.logs.Log.info(Log.java:13)
at utils.logs.Log.info(Log.java:13)
at utils.logs.Log.info(Log.java:13)
at utils.logs.Log.info(Log.java:13)
at utils.logs.Log.info(Log.java:13)
at utils.logs.Log.info(Log.java:13)
at utils.logs.Log.info(Log.java:13)
at utils.logs.Log.info(Log.java:13)
at utils.logs.Log.info(Log.java:13)
at utils.logs.Log.info(Log.java:13)
at utils.logs.Log.info(Log.java:13)
at utils.logs.Log.info(Log.java:13)
at utils.logs.Log.info(Log.java:13)
at utils.logs.Log.info(Log.java:13)
at utils.logs.Log.info(Log.java:13)
at utils.logs.Log.info(Log.java:13)
at utils.logs.Log.info(Log.java:13)
at utils.logs.Log.info(Log.java:13)
at utils.logs.Log.info(Log.java:13)
at utils.logs.Log.info(Log.java:13)
at utils.logs.Log.info(Log.java:13)
at utils.logs.Log.info(Log.java:13)
at utils.logs.Log.info(Log.java:13)
at utils.logs.Log.info(Log.java:13)
at utils.logs.Log.info(Log.java:13)
at utils.logs.Log.info(Log.java:13)
at utils.logs.Log.info(Log.java:13)
at utils.logs.Log.info(Log.java:13)
at utils.logs.Log.info(Log.java:13)
at utils.logs.Log.info(Log.java:13)
at utils.logs.Log.info(Log.java:13)
at utils.logs.Log.info(Log.java:13)
at utils.logs.Log.info(Log.java:13)
at utils.logs.Log.info(Log.java:13)
at utils.logs.Log.info(Log.java:13)
at utils.logs.Log.info(Log.java:13)
at utils.logs.Log.info(Log.java:13)
at utils.logs.Log.info(Log.java:13)
at utils.logs.Log.info(Log.java:13)
at utils.logs.Log.info(Log.java:13)
at utils.logs.Log.info(Log.java:13)
at utils.logs.Log.info(Log.java:13)
at utils.logs.Log.info(Log.java:13)
at utils.logs.Log.info(Log.java:13)
at utils.logs.Log.info(Log.java:13)
at utils.logs.Log.info(Log.java:13)
at utils.logs.Log.info(Log.java:13)
at utils.logs.Log.info(Log.java:13)
at utils.logs.Log.info(Log.java:13)
at utils.logs.Log.info(Log.java:13)
at utils.logs.Log.info(Log.java:13)
at utils.logs.Log.info(Log.java:13)
at utils.logs.Log.info(Log.java:13)
at utils.logs.Log.info(Log.java:13)
at utils.logs.Log.info(Log.java:13)
at utils.logs.Log.info(Log.java:13)
at utils.logs.Log.info(Log.java:13)
at utils.logs.Log.info(Log.java:13)
at utils.logs.Log.info(Log.java:13)
at utils.logs.Log.info(Log.java:13)
at utils.logs.Log.info(Log.java:13)
at utils.logs.Log.info(Log.java:13)
at utils.logs.Log.info(Log.java:13)
at utils.logs.Log.info(Log.java:13)
at utils.logs.Log.info(Log.java:13)
at utils.logs.Log.info(Log.java:13)
at utils.logs.Log.info(Log.java:13)
at utils.logs.Log.info(Log.java:13)
at utils.logs.Log.info(Log.java:13)
at utils.logs.Log.info(Log.java:13)
at utils.logs.Log.info(Log.java:13)
at utils.logs.Log.info(Log.java:13)
at utils.logs.Log.info(Log.java:13)
at utils.logs.Log.info(Log.java:13)
at utils.logs.Log.info(Log.java:13)
at utils.logs.Log.info(Log.java:13)
at utils.logs.Log.info(Log.java:13)
at utils.logs.Log.info(Log.java:13)
at utils.logs.Log.info(Log.java:13)
at utils.logs.Log.info(Log.java:13)
at utils.logs.Log.info(Log.java:13)
at utils.logs.Log.info(Log.java:13)
at utils.logs.Log.info(Log.java:13)
at utils.logs.Log.info(Log.java:13)
at utils.logs.Log.info(Log.java:13)
at utils.logs.Log.info(Log.java:13)
at utils.logs.Log.info(Log.java:13)
at utils.logs.Log.info(Log.java:13)
at utils.logs.Log.info(Log.java:13)
at utils.logs.Log.info(Log.java:13)
at utils.logs.Log.info(Log.java:13)
at utils.logs.Log.info(Log.java:13)
at utils.logs.Log.info(Log.java:13)
at utils.logs.Log.info(Log.java:13)
at utils.logs.Log.info(Log.java:13)
at utils.logs.Log.info(Log.java:13)
at utils.logs.Log.info(Log.java:13)
at utils.logs.Log.info(Log.java:13)
at utils.logs.Log.info(Log.java:13)
at utils.logs.Log.info(Log.java:13)
at utils.logs.Log.info(Log.java:13)
at utils.logs.Log.info(Log.java:13)
at utils.logs.Log.info(Log.java:13)
at utils.logs.Log.info(Log.java:13)
at utils.logs.Log.info(Log.java:13)
at utils.logs.Log.info(Log.java:13)
at utils.logs.Log.info(Log.java:13)
at utils.logs.Log.info(Log.java:13)
at utils.logs.Log.info(Log.java:13)
at utils.logs.Log.info(Log.java:13)
at utils.logs.Log.info(Log.java:13)
at utils.logs.Log.info(Log.java:13)
at utils.logs.Log.info(Log.java:13)
at utils.logs.Log.info(Log.java:13)
at utils.logs.Log.info(Log.java:13)
at utils.logs.Log.info(Log.java:13)
at utils.logs.Log.info(Log.java:13)
at utils.logs.Log.info(Log.java:13)
at utils.logs.Log.info(Log.java:13)
at utils.logs.Log.info(Log.java:13)
at utils.logs.Log.info(Log.java:13)
at utils.logs.Log.info(Log.java:13)
at utils.logs.Log.info(Log.java:13)
at utils.logs.Log.info(Log.java:13)
at utils.logs.Log.info(Log.java:13)
at utils.logs.Log.info(Log.java:13)
at utils.logs.Log.info(Log.java:13)
at utils.logs.Log.info(Log.java:13)
at utils.logs.Log.info(Log.java:13)
at utils.logs.Log.info(Log.java:13)
at utils.logs.Log.info(Log.java:13)
at utils.logs.Log.info(Log.java:13)
at utils.logs.Log.info(Log.java:13)
at utils.logs.Log.info(Log.java:13)
at utils.logs.Log.info(Log.java:13)
at utils.logs.Log.info(Log.java:13)
at utils.logs.Log.info(Log.java:13)
at utils.logs.Log.info(Log.java:13)
at utils.logs.Log.info(Log.java:13)
at utils.logs.Log.info(Log.java:13)
at utils.logs.Log.info(Log.java:13)
at utils.logs.Log.info(Log.java:13)
at utils.logs.Log.info(Log.java:13)
at utils.logs.Log.info(Log.java:13)
at utils.logs.Log.info(Log.java:13)
at utils.logs.Log.info(Log.java:13)
at utils.logs.Log.info(Log.java:13)
at utils.logs.Log.info(Log.java:13)
at utils.logs.Log.info(Log.java:13)
at utils.logs.Log.info(Log.java:13)
at utils.logs.Log.info(Log.java:13)
at utils.logs.Log.info(Log.java:13)
at utils.logs.Log.info(Log.java:13)
at utils.logs.Log.info(Log.java:13)
at utils.logs.Log.info(Log.java:13)
at utils.logs.Log.info(Log.java:13)
at utils.logs.Log.info(Log.java:13)
at utils.logs.Log.info(Log.java:13)
at utils.logs.Log.info(Log.java:13)
at utils.logs.Log.info(Log.java:13)
at utils.logs.Log.info(Log.java:13)
at utils.logs.Log.info(Log.java:13)
at utils.logs.Log.info(Log.java:13)
at utils.logs.Log.info(Log.java:13)
at utils.logs.Log.info(Log.java:13)
at utils.logs.Log.info(Log.java:13)
at utils.logs.Log.info(Log.java:13)
at utils.logs.Log.info(Log.java:13)
at utils.logs.Log.info(Log.java:13)
at utils.logs.Log.info(Log.java:13)
at utils.logs.Log.info(Log.java:13)
at utils.logs.Log.info(Log.java:13)
at utils.logs.Log.info(Log.java:13)
at utils.logs.Log.info(Log.java:13)
at utils.logs.Log.info(Log.java:13)
at utils.logs.Log.info(Log.java:13)
at utils.logs.Log.info(Log.java:13)
at utils.logs.Log.info(Log.java:13)
at utils.logs.Log.info(Log.java:13)
at utils.logs.Log.info(Log.java:13)
at utils.logs.Log.info(Log.java:13)
at utils.logs.Log.info(Log.java:13)
at utils.logs.Log.info(Log.java:13)
at utils.logs.Log.info(Log.java:13)
at utils.logs.Log.info(Log.java:13)
at utils.logs.Log.info(Log.java:13)
at utils.logs.Log.info(Log.java:13)
at utils.logs.Log.info(Log.java:13)
at utils.logs.Log.info(Log.java:13)
at utils.logs.Log.info(Log.java:13)
at utils.logs.Log.info(Log.java:13)
at utils.logs.Log.info(Log.java:13)
at utils.logs.Log.info(Log.java:13)
at utils.logs.Log.info(Log.java:13)
at utils.logs.Log.info(Log.java:13)
at utils.logs.Log.info(Log.java:13)
at utils.logs.Log.info(Log.java:13)
at utils.logs.Log.info(Log.java:13)
at utils.logs.Log.info(Log.java:13)
at utils.logs.Log.info(Log.java:13)
at utils.logs.Log.info(Log.java:13)
at utils.logs.Log.info(Log.java:13)
at utils.logs.Log.info(Log.java:13)
at utils.logs.Log.info(Log.java:13)
at utils.logs.Log.info(Log.java:13)
at utils.logs.Log.info(Log.java:13)
at utils.logs.Log.info(Log.java:13)
at utils.logs.Log.info(Log.java:13)
at utils.logs.Log.info(Log.java:13)
at utils.logs.Log.info(Log.java:13)
at utils.logs.Log.info(Log.java:13)
at utils.logs.Log.info(Log.java:13)
at utils.logs.Log.info(Log.java:13)
at utils.logs.Log.info(Log.java:13)
at utils.logs.Log.info(Log.java:13)
at utils.logs.Log.info(Log.java:13)
at utils.logs.Log.info(Log.java:13)
at utils.logs.Log.info(Log.java:13)
at utils.logs.Log.info(Log.java:13)
at utils.logs.Log.info(Log.java:13)
at utils.logs.Log.info(Log.java:13)
at utils.logs.Log.info(Log.java:13)
at utils.logs.Log.info(Log.java:13)
at utils.logs.Log.info(Log.java:13)
at utils.logs.Log.info(Log.java:13)
at utils.logs.Log.info(Log.java:13)
at utils.logs.Log.info(Log.java:13)
at utils.logs.Log.info(Log.java:13)
at utils.logs.Log.info(Log.java:13)
at utils.logs.Log.info(Log.java:13)
at utils.logs.Log.info(Log.java:13)
at utils.logs.Log.info(Log.java:13)
at utils.logs.Log.info(Log.java:13)
at utils.logs.Log.info(Log.java:13)
at utils.logs.Log.info(Log.java:13)
at utils.logs.Log.info(Log.java:13)
at utils.logs.Log.info(Log.java:13)
at utils.logs.Log.info(Log.java:13)
at utils.logs.Log.info(Log.java:13)
at utils.logs.Log.info(Log.java:13)
at utils.logs.Log.info(Log.java:13)
at utils.logs.Log.info(Log.java:13)
at utils.logs.Log.info(Log.java:13)
at utils.logs.Log.info(Log.java:13)
at utils.logs.Log.info(Log.java:13)
at utils.logs.Log.info(Log.java:13)
at utils.logs.Log.info(Log.java:13)
at utils.logs.Log.info(Log.java:13)
at utils.logs.Log.info(Log.java:13)
at utils.logs.Log.info(Log.java:13)
at utils.logs.Log.info(Log.java:13)
at utils.logs.Log.info(Log.java:13)
at utils.logs.Log.info(Log.java:13)
at utils.logs.Log.info(Log.java:13)
at utils.logs.Log.info(Log.java:13)
at utils.logs.Log.info(Log.java:13)
at utils.logs.Log.info(Log.java:13)
at utils.logs.Log.info(Log.java:13)
at utils.logs.Log.info(Log.java:13)
at utils.logs.Log.info(Log.java:13)
at utils.logs.Log.info(Log.java:13)
at utils.logs.Log.info(Log.java:13)
at utils.logs.Log.info(Log.java:13)
at utils.logs.Log.info(Log.java:13)
at utils.logs.Log.info(Log.java:13)
at utils.logs.Log.info(Log.java:13)
at utils.logs.Log.info(Log.java:13)
at utils.logs.Log.info(Log.java:13)
at utils.logs.Log.info(Log.java:13)
at utils.logs.Log.info(Log.java:13)
at utils.logs.Log.info(Log.java:13)
at utils.logs.Log.info(Log.java:13)
at utils.logs.Log.info(Log.java:13)
at utils.logs.Log.info(Log.java:13)
at utils.logs.Log.info(Log.java:13)
at utils.logs.Log.info(Log.java:13)
at utils.logs.Log.info(Log.java:13)
at utils.logs.Log.info(Log.java:13)
at utils.logs.Log.info(Log.java:13)
at utils.logs.Log.info(Log.java:13)
at utils.logs.Log.info(Log.java:13)
at utils.logs.Log.info(Log.java:13)
at utils.logs.Log.info(Log.java:13)
at utils.logs.Log.info(Log.java:13)
at utils.logs.Log.info(Log.java:13)
at utils.logs.Log.info(Log.java:13)
at utils.logs.Log.info(Log.java:13)
at utils.logs.Log.info(Log.java:13)
at utils.logs.Log.info(Log.java:13)
at utils.logs.Log.info(Log.java:13)
at utils.logs.Log.info(Log.java:13)
at utils.logs.Log.info(Log.java:13)
at utils.logs.Log.info(Log.java:13)
at utils.logs.Log.info(Log.java:13)
at utils.logs.Log.info(Log.java:13)
at utils.logs.Log.info(Log.java:13)
at utils.logs.Log.info(Log.java:13)
at utils.logs.Log.info(Log.java:13)
at utils.logs.Log.info(Log.java:13)
at utils.logs.Log.info(Log.java:13)
at utils.logs.Log.info(Log.java:13)
at utils.logs.Log.info(Log.java:13)
at utils.logs.Log.info(Log.java:13)
at utils.logs.Log.info(Log.java:13)
at utils.logs.Log.info(Log.java:13)
at utils.logs.Log.info(Log.java:13)
at utils.logs.Log.info(Log.java:13)
at utils.logs.Log.info(Log.java:13)
at utils.logs.Log.info(Log.java:13)
at utils.logs.Log.info(Log.java:13)
at utils.logs.Log.info(Log.java:13)
at utils.logs.Log.info(Log.java:13)
at utils.logs.Log.info(Log.java:13)
at utils.logs.Log.info(Log.java:13)
at utils.logs.Log.info(Log.java:13)
at utils.logs.Log.info(Log.java:13)
at utils.logs.Log.info(Log.java:13)
at utils.logs.Log.info(Log.java:13)
at utils.logs.Log.info(Log.java:13)
at utils.logs.Log.info(Log.java:13)
at utils.logs.Log.info(Log.java:13)
at utils.logs.Log.info(Log.java:13)
at utils.logs.Log.info(Log.java:13)
at utils.logs.Log.info(Log.java:13)
at utils.logs.Log.info(Log.java:13)
at utils.logs.Log.info(Log.java:13)
at utils.logs.Log.info(Log.java:13)
at utils.logs.Log.info(Log.java:13)
at utils.logs.Log.info(Log.java:13)
at utils.logs.Log.info(Log.java:13)
at utils.logs.Log.info(Log.java:13)
at utils.logs.Log.info(Log.java:13)
at utils.logs.Log.info(Log.java:13)
at utils.logs.Log.info(Log.java:13)
at utils.logs.Log.info(Log.java:13)
at utils.logs.Log.info(Log.java:13)
at utils.logs.Log.info(Log.java:13)
at utils.logs.Log.info(Log.java:13)
at utils.logs.Log.info(Log.java:13)
at utils.logs.Log.info(Log.java:13)
at utils.logs.Log.info(Log.java:13)
at utils.logs.Log.info(Log.java:13)
at utils.logs.Log.info(Log.java:13)
at utils.logs.Log.info(Log.java:13)
at utils.logs.Log.info(Log.java:13)
at utils.logs.Log.info(Log.java:13)
at utils.logs.Log.info(Log.java:13)
at utils.logs.Log.info(Log.java:13)
at utils.logs.Log.info(Log.java:13)
at utils.logs.Log.info(Log.java:13)
at utils.logs.Log.info(Log.java:13)
at utils.logs.Log.info(Log.java:13)
at utils.logs.Log.info(Log.java:13)
at utils.logs.Log.info(Log.java:13)
at utils.logs.Log.info(Log.java:13)
at utils.logs.Log.info(Log.java:13)
at utils.logs.Log.info(Log.java:13)
at utils.logs.Log.info(Log.java:13)
at utils.logs.Log.info(Log.java:13)
at utils.logs.Log.info(Log.java:13)
at utils.logs.Log.info(Log.java:13)
at utils.logs.Log.info(Log.java:13)
at utils.logs.Log.info(Log.java:13)
at utils.logs.Log.info(Log.java:13)
at utils.logs.Log.info(Log.java:13)
at utils.logs.Log.info(Log.java:13)
at utils.logs.Log.info(Log.java:13)
at utils.logs.Log.info(Log.java:13)
at utils.logs.Log.info(Log.java:13)
at utils.logs.Log.info(Log.java:13)
at utils.logs.Log.info(Log.java:13)
at utils.logs.Log.info(Log.java:13)
at utils.logs.Log.info(Log.java:13)
at utils.logs.Log.info(Log.java:13)
at utils.logs.Log.info(Log.java:13)
at utils.logs.Log.info(Log.java:13)
at utils.logs.Log.info(Log.java:13)
at utils.logs.Log.info(Log.java:13)
at utils.logs.Log.info(Log.java:13)
at utils.logs.Log.info(Log.java:13)
at utils.logs.Log.info(Log.java:13)
at utils.logs.Log.info(Log.java:13)
at utils.logs.Log.info(Log.java:13)
at utils.logs.Log.info(Log.java:13)
at utils.logs.Log.info(Log.java:13)
at utils.logs.Log.info(Log.java:13)
at utils.logs.Log.info(Log.java:13)
at utils.logs.Log.info(Log.java:13)
at utils.logs.Log.info(Log.java:13)
at utils.logs.Log.info(Log.java:13)
at utils.logs.Log.info(Log.java:13)
at utils.logs.Log.info(Log.java:13)
at utils.logs.Log.info(Log.java:13)
at utils.logs.Log.info(Log.java:13)
at utils.logs.Log.info(Log.java:13)
at utils.logs.Log.info(Log.java:13)
at utils.logs.Log.info(Log.java:13)
at utils.logs.Log.info(Log.java:13)
at utils.logs.Log.info(Log.java:13)
at utils.logs.Log.info(Log.java:13)
at utils.logs.Log.info(Log.java:13)
at utils.logs.Log.info(Log.java:13)
at utils.logs.Log.info(Log.java:13)
at utils.logs.Log.info(Log.java:13)
at utils.logs.Log.info(Log.java:13)
at utils.logs.Log.info(Log.java:13)
at utils.logs.Log.info(Log.java:13)
at utils.logs.Log.info(Log.java:13)
at utils.logs.Log.info(Log.java:13)
at utils.logs.Log.info(Log.java:13)
at utils.logs.Log.info(Log.java:13)
at utils.logs.Log.info(Log.java:13)
at utils.logs.Log.info(Log.java:13)
at utils.logs.Log.info(Log.java:13)
at utils.logs.Log.info(Log.java:13)
at utils.logs.Log.info(Log.java:13)
at utils.logs.Log.info(Log.java:13)
at utils.logs.Log.info(Log.java:13)
at utils.logs.Log.info(Log.java:13)
at utils.logs.Log.info(Log.java:13)
at utils.logs.Log.info(Log.java:13)
at utils.logs.Log.info(Log.java:13)
at utils.logs.Log.info(Log.java:13)
at utils.logs.Log.info(Log.java:13)
at utils.logs.Log.info(Log.java:13)
at utils.logs.Log.info(Log.java:13)
at utils.logs.Log.info(Log.java:13)
at utils.logs.Log.info(Log.java:13)
at utils.logs.Log.info(Log.java:13)
at utils.logs.Log.info(Log.java:13)
at utils.logs.Log.info(Log.java:13)
at utils.logs.Log.info(Log.java:13)
at utils.logs.Log.info(Log.java:13)
at utils.logs.Log.info(Log.java:13)
at utils.logs.Log.info(Log.java:13)
at utils.logs.Log.info(Log.java:13)
at utils.logs.Log.info(Log.java:13)
at utils.logs.Log.info(Log.java:13)
at utils.logs.Log.info(Log.java:13)
at utils.logs.Log.info(Log.java:13)
at utils.logs.Log.info(Log.java:13)
at utils.logs.Log.info(Log.java:13)
at utils.logs.Log.info(Log.java:13)
at utils.logs.Log.info(Log.java:13)
at utils.logs.Log.info(Log.java:13)
at utils.logs.Log.info(Log.java:13)
at utils.logs.Log.info(Log.java:13)
at utils.logs.Log.info(Log.java:13)
at utils.logs.Log.info(Log.java:13)
at utils.logs.Log.info(Log.java:13)
at utils.logs.Log.info(Log.java:13)
at utils.logs.Log.info(Log.java:13)
at utils.logs.Log.info(Log.java:13)
at utils.logs.Log.info(Log.java:13)
at utils.logs.Log.info(Log.java:13)
at utils.logs.Log.info(Log.java:13)
at utils.logs.Log.info(Log.java:13)
at utils.logs.Log.info(Log.java:13)
at utils.logs.Log.info(Log.java:13)
at utils.logs.Log.info(Log.java:13)
at utils.logs.Log.info(Log.java:13)
at utils.logs.Log.info(Log.java:13)
at utils.logs.Log.info(Log.java:13)
at utils.logs.Log.info(Log.java:13)
at utils.logs.Log.info(Log.java:13)
at utils.logs.Log.info(Log.java:13)
at utils.logs.Log.info(Log.java:13)
at utils.logs.Log.info(Log.java:13)
at utils.logs.Log.info(Log.java:13)
at utils.logs.Log.info(Log.java:13)
at utils.logs.Log.info(Log.java:13)
at utils.logs.Log.info(Log.java:13)
at utils.logs.Log.info(Log.java:13)
at utils.logs.Log.info(Log.java:13)
at utils.logs.Log.info(Log.java:13)
at utils.logs.Log.info(Log.java:13)
at utils.logs.Log.info(Log.java:13)
at utils.logs.Log.info(Log.java:13)
at utils.logs.Log.info(Log.java:13)
at utils.logs.Log.info(Log.java:13)
at utils.logs.Log.info(Log.java:13)
at utils.logs.Log.info(Log.java:13)
at utils.logs.Log.info(Log.java:13)
at utils.logs.Log.info(Log.java:13)
at utils.logs.Log.info(Log.java:13)
at utils.logs.Log.info(Log.java:13)
at utils.logs.Log.info(Log.java:13)
at utils.logs.Log.info(Log.java:13)
at utils.logs.Log.info(Log.java:13)
at utils.logs.Log.info(Log.java:13)
at utils.logs.Log.info(Log.java:13)
at utils.logs.Log.info(Log.java:13)
at utils.logs.Log.info(Log.java:13)
at utils.logs.Log.info(Log.java:13)
at utils.logs.Log.info(Log.java:13)
at utils.logs.Log.info(Log.java:13)
at utils.logs.Log.info(Log.java:13)
at utils.logs.Log.info(Log.java:13)
at utils.logs.Log.info(Log.java:13)
at utils.logs.Log.info(Log.java:13)
at utils.logs.Log.info(Log.java:13)
at utils.logs.Log.info(Log.java:13)
at utils.logs.Log.info(Log.java:13)
at utils.logs.Log.info(Log.java:13)
at utils.logs.Log.info(Log.java:13)
at utils.logs.Log.info(Log.java:13)
at utils.logs.Log.info(Log.java:13)
at utils.logs.Log.info(Log.java:13)
at utils.logs.Log.info(Log.java:13)
at utils.logs.Log.info(Log.java:13)
at utils.logs.Log.info(Log.java:13)
at utils.logs.Log.info(Log.java:13)
at utils.logs.Log.info(Log.java:13)
at utils.logs.Log.info(Log.java:13)
at utils.logs.Log.info(Log.java:13)
at utils.logs.Log.info(Log.java:13)
at utils.logs.Log.info(Log.java:13)
at utils.logs.Log.info(Log.java:13)
at utils.logs.Log.info(Log.java:13)
at utils.logs.Log.info(Log.java:13)
at utils.logs.Log.info(Log.java:13)
at utils.logs.Log.info(Log.java:13)
at utils.logs.Log.info(Log.java:13)
at utils.logs.Log.info(Log.java:13)
at utils.logs.Log.info(Log.java:13)
at utils.logs.Log.info(Log.java:13)
at utils.logs.Log.info(Log.java:13)
at utils.logs.Log.info(Log.java:13)
at utils.logs.Log.info(Log.java:13)
at utils.logs.Log.info(Log.java:13)
at utils.logs.Log.info(Log.java:13)
at utils.logs.Log.info(Log.java:13)
at utils.logs.Log.info(Log.java:13)
at utils.logs.Log.info(Log.java:13)
at utils.logs.Log.info(Log.java:13)
at utils.logs.Log.info(Log.java:13)
at utils.logs.Log.info(Log.java:13)
at utils.logs.Log.info(Log.java:13)
at utils.logs.Log.info(Log.java:13)
at utils.logs.Log.info(Log.java:13)
at utils.logs.Log.info(Log.java:13)
at utils.logs.Log.info(Log.java:13)
at utils.logs.Log.info(Log.java:13)
at utils.logs.Log.info(Log.java:13)
at utils.logs.Log.info(Log.java:13)
at utils.logs.Log.info(Log.java:13)
at utils.logs.Log.info(Log.java:13)
at utils.logs.Log.info(Log.java:13)
at utils.logs.Log.info(Log.java:13)
at utils.logs.Log.info(Log.java:13)
at utils.logs.Log.info(Log.java:13)
at utils.logs.Log.info(Log.java:13)
at utils.logs.Log.info(Log.java:13)
at utils.logs.Log.info(Log.java:13)
at utils.logs.Log.info(Log.java:13)
at utils.logs.Log.info(Log.java:13)
at utils.logs.Log.info(Log.java:13)
at utils.logs.Log.info(Log.java:13)
at utils.logs.Log.info(Log.java:13)
at utils.logs.Log.info(Log.java:13)
at utils.logs.Log.info(Log.java:13)
at utils.logs.Log.info(Log.java:13)
at utils.logs.Log.info(Log.java:13)
at utils.logs.Log.info(Log.java:13)
at utils.logs.Log.info(Log.java:13)
at utils.logs.Log.info(Log.java:13)
at utils.logs.Log.info(Log.java:13)
at utils.logs.Log.info(Log.java:13)
at utils.logs.Log.info(Log.java:13)
at utils.logs.Log.info(Log.java:13)
at utils.logs.Log.info(Log.java:13)
at utils.logs.Log.info(Log.java:13)
at utils.logs.Log.info(Log.java:13)
at utils.logs.Log.info(Log.java:13)
at utils.logs.Log.info(Log.java:13)
at utils.logs.Log.info(Log.java:13)
at utils.logs.Log.info(Log.java:13)
at utils.logs.Log.info(Log.java:13)
at utils.logs.Log.info(Log.java:13)
at utils.logs.Log.info(Log.java:13)
at utils.logs.Log.info(Log.java:13)
at utils.logs.Log.info(Log.java:13)
at utils.logs.Log.info(Log.java:13)
at utils.logs.Log.info(Log.java:13)
at utils.logs.Log.info(Log.java:13)
at utils.logs.Log.info(Log.java:13)
at utils.logs.Log.info(Log.java:13)
at utils.logs.Log.info(Log.java:13)
at utils.logs.Log.info(Log.java:13)
at utils.logs.Log.info(Log.java:13)
at utils.logs.Log.info(Log.java:13)
at utils.logs.Log.info(Log.java:13)
at utils.logs.Log.info(Log.java:13)
at utils.logs.Log.info(Log.java:13)
at utils.logs.Log.info(Log.java:13)
at utils.logs.Log.info(Log.java:13)
at utils.logs.Log.info(Log.java:13)
at utils.logs.Log.info(Log.java:13)
at utils.logs.Log.info(Log.java:13)
at utils.logs.Log.info(Log.java:13)
at utils.logs.Log.info(Log.java:13)
at utils.logs.Log.info(Log.java:13)
at utils.logs.Log.info(Log.java:13)
at utils.logs.Log.info(Log.java:13)
at utils.logs.Log.info(Log.java:13)
at utils.logs.Log.info(Log.java:13)
at utils.logs.Log.info(Log.java:13)
at utils.logs.Log.info(Log.java:13)
at utils.logs.Log.info(Log.java:13)
at utils.logs.Log.info(Log.java:13)
at utils.logs.Log.info(Log.java:13)
at utils.logs.Log.info(Log.java:13)
at utils.logs.Log.info(Log.java:13)
at utils.logs.Log.info(Log.java:13)
at utils.logs.Log.info(Log.java:13)
at utils.logs.Log.info(Log.java:13)
at utils.logs.Log.info(Log.java:13)
at utils.logs.Log.info(Log.java:13)
at utils.logs.Log.info(Log.java:13)
at utils.logs.Log.info(Log.java:13)
at utils.logs.Log.info(Log.java:13)
at utils.logs.Log.info(Log.java:13)
at utils.logs.Log.info(Log.java:13)
at utils.logs.Log.info(Log.java:13)
at utils.logs.Log.info(Log.java:13)
at utils.logs.Log.info(Log.java:13)
at utils.logs.Log.info(Log.java:13)
at utils.logs.Log.info(Log.java:13)
at utils.logs.Log.info(Log.java:13)
at utils.logs.Log.info(Log.java:13)
at utils.logs.Log.info(Log.java:13)
at utils.logs.Log.info(Log.java:13)
at utils.logs.Log.info(Log.java:13)
at utils.logs.Log.info(Log.java:13)
at utils.logs.Log.info(Log.java:13)
at utils.logs.Log.info(Log.java:13)
at utils.logs.Log.info(Log.java:13)
at utils.logs.Log.info(Log.java:13)
at utils.logs.Log.info(Log.java:13)
at utils.logs.Log.info(Log.java:13)
at utils.logs.Log.info(Log.java:13)
at utils.logs.Log.info(Log.java:13)
at utils.logs.Log.info(Log.java:13)
at utils.logs.Log.info(Log.java:13)
at utils.logs.Log.info(Log.java:13)
at utils.logs.Log.info(Log.java:13)
at utils.logs.Log.info(Log.java:13)
at utils.logs.Log.info(Log.java:13)
at utils.logs.Log.info(Log.java:13)
at utils.logs.Log.info(Log.java:13)
at utils.logs.Log.info(Log.java:13)
at utils.logs.Log.info(Log.java:13)
at utils.logs.Log.info(Log.java:13)
at utils.logs.Log.info(Log.java:13)
at utils.logs.Log.info(Log.java:13)
at utils.logs.Log.info(Log.java:13)
at utils.logs.Log.info(Log.java:13)
at utils.logs.Log.info(Log.java:13)
at utils.logs.Log.info(Log.java:13)
at utils.logs.Log.info(Log.java:13)
at utils.logs.Log.info(Log.java:13)
at utils.logs.Log.info(Log.java:13)
at utils.logs.Log.info(Log.java:13)
at utils.logs.Log.info(Log.java:13)
at utils.logs.Log.info(Log.java:13)
at utils.logs.Log.info(Log.java:13)
at utils.logs.Log.info(Log.java:13)
at utils.logs.Log.info(Log.java:13)
at utils.logs.Log.info(Log.java:13)
at utils.logs.Log.info(Log.java:13)
at utils.logs.Log.info(Log.java:13)
at utils.logs.Log.info(Log.java:13)
at utils.logs.Log.info(Log.java:13)
at utils.logs.Log.info(Log.java:13)
at utils.logs.Log.info(Log.java:13)
at utils.logs.Log.info(Log.java:13)
at utils.logs.Log.info(Log.java:13)
at utils.logs.Log.info(Log.java:13)
at utils.logs.Log.info(Log.java:13)
at utils.logs.Log.info(Log.java:13)
at utils.logs.Log.info(Log.java:13)
at utils.logs.Log.info(Log.java:13)
at utils.logs.Log.info(Log.java:13)
at utils.logs.Log.info(Log.java:13)
at utils.logs.Log.info(Log.java:13)
at utils.logs.Log.info(Log.java:13)
at utils.logs.Log.info(Log.java:13)
at utils.logs.Log.info(Log.java:13)
at utils.logs.Log.info(Log.java:13)
at utils.logs.Log.info(Log.java:13)
at utils.logs.Log.info(Log.java:13)
at utils.logs.Log.info(Log.java:13)
at utils.logs.Log.info(Log.java:13)
at utils.logs.Log.info(Log.java:13)
at utils.logs.Log.info(Log.java:13)
at utils.logs.Log.info(Log.java:13)
at utils.logs.Log.info(Log.java:13)
at utils.logs.Log.info(Log.java:13)
at utils.logs.Log.info(Log.java:13)
at utils.logs.Log.info(Log.java:13)
at utils.logs.Log.info(Log.java:13)
at utils.logs.Log.info(Log.java:13)
at utils.logs.Log.info(Log.java:13)
at utils.logs.Log.info(Log.java:13)
at utils.logs.Log.info(Log.java:13)
at utils.logs.Log.info(Log.java:13)
at utils.logs.Log.info(Log.java:13)
at utils.logs.Log.info(Log.java:13)
at utils.logs.Log.info(Log.java:13)
at utils.logs.Log.info(Log.java:13)
at utils.logs.Log.info(Log.java:13)
at utils.logs.Log.info(Log.java:13)
at utils.logs.Log.info(Log.java:13)
at utils.logs.Log.info(Log.java:13)
at utils.logs.Log.info(Log.java:13)
at utils.logs.Log.info(Log.java:13)
at utils.logs.Log.info(Log.java:13)
at utils.logs.Log.info(Log.java:13)
at utils.logs.Log.info(Log.java:13)
at utils.logs.Log.info(Log.java:13)
at utils.logs.Log.info(Log.java:13)
at utils.logs.Log.info(Log.java:13)
at utils.logs.Log.info(Log.java:13)
at utils.logs.Log.info(Log.java:13)
at utils.logs.Log.info(Log.java:13)
at utils.logs.Log.info(Log.java:13)
at utils.logs.Log.info(Log.java:13)
at utils.logs.Log.info(Log.java:13)
at utils.logs.Log.info(Log.java:13)
at utils.logs.Log.info(Log.java:13)
at utils.logs.Log.info(Log.java:13)
at utils.logs.Log.info(Log.java:13)
at utils.logs.Log.info(Log.java:13)
at utils.logs.Log.info(Log.java:13)
at utils.logs.Log.info(Log.java:13)
at utils.logs.Log.info(Log.java:13)
at utils.logs.Log.info(Log.java:13)
at utils.logs.Log.info(Log.java:13)
at utils.logs.Log.info(Log.java:13)
at utils.logs.Log.info(Log.java:13)
at utils.logs.Log.info(Log.java:13)
at utils.logs.Log.info(Log.java:13)
at utils.logs.Log.info(Log.java:13)
at utils.logs.Log.info(Log.java:13)
at utils.logs.Log.info(Log.java:13)
at utils.logs.Log.info(Log.java:13)
at utils.logs.Log.info(Log.java:13)
at utils.logs.Log.info(Log.java:13)
at utils.logs.Log.info(Log.java:13)
at utils.logs.Log.info(Log.java:13)
at utils.logs.Log.info(Log.java:13)
at utils.logs.Log.info(Log.java:13)
at utils.logs.Log.info(Log.java:13)
at utils.logs.Log.info(Log.java:13)
at utils.logs.Log.info(Log.java:13)
at utils.logs.Log.info(Log.java:13)
at utils.logs.Log.info(Log.java:13)
at utils.logs.Log.info(Log.java:13)
at utils.logs.Log.info(Log.java:13)
at utils.logs.Log.info(Log.java:13)
at utils.logs.Log.info(Log.java:13)
at utils.logs.Log.info(Log.java:13)
at utils.logs.Log.info(Log.java:13)
at utils.logs.Log.info(Log.java:13)
at utils.logs.Log.info(Log.java:13)
at utils.logs.Log.info(Log.java:13)
at utils.logs.Log.info(Log.java:13)
at utils.logs.Log.info(Log.java:13)
at utils.logs.Log.info(Log.java:13)
at utils.logs.Log.info(Log.java:13)
at utils.logs.Log.info(Log.java:13)
at utils.logs.Log.info(Log.java:13)
at utils.logs.Log.info(Log.java:13)
at utils.logs.Log.info(Log.java:13)
at utils.logs.Log.info(Log.java:13)
at utils.logs.Log.info(Log.java:13)
at utils.logs.Log.info(Log.java:13)
at utils.logs.Log.info(Log.java:13)
at utils.logs.Log.info(Log.java:13)
at utils.logs.Log.info(Log.java:13)
at utils.logs.Log.info(Log.java:13)
at utils.logs.Log.info(Log.java:13)
at utils.logs.Log.info(Log.java:13)
at utils.logs.Log.info(Log.java:13)
at utils.logs.Log.info(Log.java:13)
at utils.logs.Log.info(Log.java:13)
at utils.logs.Log.info(Log.java:13)
at utils.logs.Log.info(Log.java:13)
at utils.logs.Log.info(Log.java:13)
at utils.logs.Log.info(Log.java:13)
at utils.logs.Log.info(Log.java:13)
at utils.logs.Log.info(Log.java:13)
at utils.logs.Log.info(Log.java:13)
at utils.logs.Log.info(Log.java:13)
at utils.logs.Log.info(Log.java:13)
at utils.logs.Log.info(Log.java:13)
at utils.logs.Log.info(Log.java:13)
at utils.logs.Log.info(Log.java:13)
at utils.logs.Log.info(Log.java:13)
at utils.logs.Log.info(Log.java:13)
at utils.logs.Log.info(Log.java:13)
at utils.logs.Log.info(Log.java:13)
at utils.logs.Log.info(Log.java:13)
at utils.logs.Log.info(Log.java:13)
at utils.logs.Log.info(Log.java:13)
at utils.logs.Log.info(Log.java:13)
at utils.logs.Log.info(Log.java:13)
at utils.logs.Log.info(Log.java:13)
at utils.logs.Log.info(Log.java:13)
at utils.logs.Log.info(Log.java:13)
at utils.logs.Log.info(Log.java:13)
at utils.logs.Log.info(Log.java:13)
at utils.logs.Log.info(Log.java:13)
at utils.logs.Log.info(Log.java:13)
at utils.logs.Log.info(Log.java:13)
at utils.logs.Log.info(Log.java:13)
at utils.logs.Log.info(Log.java:13)
at utils.logs.Log.info(Log.java:13)
at utils.logs.Log.info(Log.java:13)
at utils.logs.Log.info(Log.java:13)
at utils.logs.Log.info(Log.java:13)
at utils.logs.Log.info(Log.java:13)
at utils.logs.Log.info(Log.java:13)
at utils.logs.Log.info(Log.java:13)
at utils.logs.Log.info(Log.java:13)
at utils.logs.Log.info(Log.java:13)
at utils.logs.Log.info(Log.java:13)
at utils.logs.Log.info(Log.java:13)
at utils.logs.Log.info(Log.java:13)
at utils.logs.Log.info(Log.java:13)
at utils.logs.Log.info(Log.java:13)
at utils.logs.Log.info(Log.java:13)
at utils.logs.Log.info(Log.java:13)
at utils.logs.Log.info(Log.java:13)
at utils.logs.Log.info(Log.java:13)
at utils.logs.Log.info(Log.java:13)
at utils.logs.Log.info(Log.java:13)
at utils.logs.Log.info(Log.java:13)
at utils.logs.Log.info(Log.java:13)
at utils.logs.Log.info(Log.java:13)
at utils.logs.Log.info(Log.java:13)
at utils.logs.Log.info(Log.java:13)
at utils.logs.Log.info(Log.java:13)
at utils.logs.Log.info(Log.java:13)
at utils.logs.Log.info(Log.java:13)
at utils.logs.Log.info(Log.java:13)
at utils.logs.Log.info(Log.java:13)
at utils.logs.Log.info(Log.java:13)
at utils.logs.Log.info(Log.java:13)
at utils.logs.Log.info(Log.java:13)
at utils.logs.Log.info(Log.java:13)
at utils.logs.Log.info(Log.java:13)
at utils.logs.Log.info(Log.java:13)
at utils.logs.Log.info(Log.java:13)
at utils.logs.Log.info(Log.java:13)
at utils.logs.Log.info(Log.java:13)
at utils.logs.Log.info(Log.java:13)
at utils.logs.Log.info(Log.java:13)
at utils.logs.Log.info(Log.java:13)
at utils.logs.Log.info(Log.java:13)
at utils.logs.Log.info(Log.java:13)
at utils.logs.Log.info(Log.java:13)
at utils.logs.Log.info(Log.java:13)
at utils.logs.Log.info(Log.java:13)
at utils.logs.Log.info(Log.java:13)
at utils.logs.Log.info(Log.java:13)
at utils.logs.Log.info(Log.java:13)
at utils.logs.Log.info(Log.java:13)
at utils.logs.Log.info(Log.java:13)
]]>
            </full-stacktrace>
          </exception> <!-- java.lang.StackOverflowError -->
          <reporter-output>
          </reporter-output>
        </test-method> <!-- before -->
      </class> <!-- test_runner.TestRunner -->
    </test> <!-- Command line test -->
  </suite> <!-- Command line suite -->
</testng-results>
