-------------------------------------------------------------------------------
Test set: TestSuite
-------------------------------------------------------------------------------
Tests run: 1, Failures: 1, Errors: 0, Skipped: 0, Time elapsed: 4.361 sec <<< FAILURE!
before(test_runner.TestRunner)  Time elapsed: 3.655 sec  <<< FAILURE!
java.lang.StackOverflowError
	at utils.logs.Log.info(Log.java:13)
	at utils.logs.Log.info(Log.java:13)
	at utils.logs.Log.info(Log.java:13)
	at utils.logs.Log.info(Log.java:13)
	at utils.logs.Log.info(Log.java:13)
	at utils.logs.Log.info(Log.java:13)
	at utils.logs.Log.info(Log.java:13)
	at utils.logs.Log.info(Log.java:13)
	at utils.logs.Log.info(Log.java:13)
	at utils.logs.Log.info(Log.java:13)
	at utils.logs.Log.info(Log.java:13)
	at utils.logs.Log.info(Log.java:13)
	at utils.logs.Log.info(Log.java:13)
	at utils.logs.Log.info(Log.java:13)
	at utils.logs.Log.info(Log.java:13)
	at utils.logs.Log.info(Log.java:13)
	at utils.logs.Log.info(Log.java:13)
	at utils.logs.Log.info(Log.java:13)
	at utils.logs.Log.info(Log.java:13)
	at utils.logs.Log.info(Log.java:13)
	at utils.logs.Log.info(Log.java:13)
	at utils.logs.Log.info(Log.java:13)
	at utils.logs.Log.info(Log.java:13)
	at utils.logs.Log.info(Log.java:13)
	at utils.logs.Log.info(Log.java:13)
	at utils.logs.Log.info(Log.java:13)
	at utils.logs.Log.info(Log.java:13)
	at utils.logs.Log.info(Log.java:13)
	at utils.logs.Log.info(Log.java:13)
	at utils.logs.Log.info(Log.java:13)
	at utils.logs.Log.info(Log.java:13)
	at utils.logs.Log.info(Log.java:13)
	at utils.logs.Log.info(Log.java:13)
	at utils.logs.Log.info(Log.java:13)
	at utils.logs.Log.info(Log.java:13)
	at utils.logs.Log.info(Log.java:13)
	at utils.logs.Log.info(Log.java:13)
	at utils.logs.Log.info(Log.java:13)
	at utils.logs.Log.info(Log.java:13)
	at utils.logs.Log.info(Log.java:13)
	at utils.logs.Log.info(Log.java:13)
	at utils.logs.Log.info(Log.java:13)
	at utils.logs.Log.info(Log.java:13)
	at utils.logs.Log.info(Log.java:13)
	at utils.logs.Log.info(Log.java:13)
	at utils.logs.Log.info(Log.java:13)
	at utils.logs.Log.info(Log.java:13)
	at utils.logs.Log.info(Log.java:13)
	at utils.logs.Log.info(Log.java:13)
	at utils.logs.Log.info(Log.java:13)
	at utils.logs.Log.info(Log.java:13)
	at utils.logs.Log.info(Log.java:13)
	at utils.logs.Log.info(Log.java:13)
	at utils.logs.Log.info(Log.java:13)
	at utils.logs.Log.info(Log.java:13)
	at utils.logs.Log.info(Log.java:13)
	at utils.logs.Log.info(Log.java:13)
	at utils.logs.Log.info(Log.java:13)
	at utils.logs.Log.info(Log.java:13)
	at utils.logs.Log.info(Log.java:13)
	at utils.logs.Log.info(Log.java:13)
	at utils.logs.Log.info(Log.java:13)
	at utils.logs.Log.info(Log.java:13)
	at utils.logs.Log.info(Log.java:13)
	at utils.logs.Log.info(Log.java:13)
	at utils.logs.Log.info(Log.java:13)
	at utils.logs.Log.info(Log.java:13)
	at utils.logs.Log.info(Log.java:13)
	at utils.logs.Log.info(Log.java:13)
	at utils.logs.Log.info(Log.java:13)
	at utils.logs.Log.info(Log.java:13)
	at utils.logs.Log.info(Log.java:13)
	at utils.logs.Log.info(Log.java:13)
	at utils.logs.Log.info(Log.java:13)
	at utils.logs.Log.info(Log.java:13)
	at utils.logs.Log.info(Log.java:13)
	at utils.logs.Log.info(Log.java:13)
	at utils.logs.Log.info(Log.java:13)
	at utils.logs.Log.info(Log.java:13)
	at utils.logs.Log.info(Log.java:13)
	at utils.logs.Log.info(Log.java:13)
	at utils.logs.Log.info(Log.java:13)
	at utils.logs.Log.info(Log.java:13)
	at utils.logs.Log.info(Log.java:13)
	at utils.logs.Log.info(Log.java:13)
	at utils.logs.Log.info(Log.java:13)
	at utils.logs.Log.info(Log.java:13)
	at utils.logs.Log.info(Log.java:13)
	at utils.logs.Log.info(Log.java:13)
	at utils.logs.Log.info(Log.java:13)
	at utils.logs.Log.info(Log.java:13)
	at utils.logs.Log.info(Log.java:13)
	at utils.logs.Log.info(Log.java:13)
	at utils.logs.Log.info(Log.java:13)
	at utils.logs.Log.info(Log.java:13)
	at utils.logs.Log.info(Log.java:13)
	at utils.logs.Log.info(Log.java:13)
	at utils.logs.Log.info(Log.java:13)
	at utils.logs.Log.info(Log.java:13)
	at utils.logs.Log.info(Log.java:13)
	at utils.logs.Log.info(Log.java:13)
	at utils.logs.Log.info(Log.java:13)
	at utils.logs.Log.info(Log.java:13)
	at utils.logs.Log.info(Log.java:13)
	at utils.logs.Log.info(Log.java:13)
	at utils.logs.Log.info(Log.java:13)
	at utils.logs.Log.info(Log.java:13)
	at utils.logs.Log.info(Log.java:13)
	at utils.logs.Log.info(Log.java:13)
	at utils.logs.Log.info(Log.java:13)
	at utils.logs.Log.info(Log.java:13)
	at utils.logs.Log.info(Log.java:13)
	at utils.logs.Log.info(Log.java:13)
	at utils.logs.Log.info(Log.java:13)
	at utils.logs.Log.info(Log.java:13)
	at utils.logs.Log.info(Log.java:13)
	at utils.logs.Log.info(Log.java:13)
	at utils.logs.Log.info(Log.java:13)
	at utils.logs.Log.info(Log.java:13)
	at utils.logs.Log.info(Log.java:13)
	at utils.logs.Log.info(Log.java:13)
	at utils.logs.Log.info(Log.java:13)
	at utils.logs.Log.info(Log.java:13)
	at utils.logs.Log.info(Log.java:13)
	at utils.logs.Log.info(Log.java:13)
	at utils.logs.Log.info(Log.java:13)
	at utils.logs.Log.info(Log.java:13)
	at utils.logs.Log.info(Log.java:13)
	at utils.logs.Log.info(Log.java:13)
	at utils.logs.Log.info(Log.java:13)
	at utils.logs.Log.info(Log.java:13)
	at utils.logs.Log.info(Log.java:13)
	at utils.logs.Log.info(Log.java:13)
	at utils.logs.Log.info(Log.java:13)
	at utils.logs.Log.info(Log.java:13)
	at utils.logs.Log.info(Log.java:13)
	at utils.logs.Log.info(Log.java:13)
	at utils.logs.Log.info(Log.java:13)
	at utils.logs.Log.info(Log.java:13)
	at utils.logs.Log.info(Log.java:13)
	at utils.logs.Log.info(Log.java:13)
	at utils.logs.Log.info(Log.java:13)
	at utils.logs.Log.info(Log.java:13)
	at utils.logs.Log.info(Log.java:13)
	at utils.logs.Log.info(Log.java:13)
	at utils.logs.Log.info(Log.java:13)
	at utils.logs.Log.info(Log.java:13)
	at utils.logs.Log.info(Log.java:13)
	at utils.logs.Log.info(Log.java:13)
	at utils.logs.Log.info(Log.java:13)
	at utils.logs.Log.info(Log.java:13)
	at utils.logs.Log.info(Log.java:13)
	at utils.logs.Log.info(Log.java:13)
	at utils.logs.Log.info(Log.java:13)
	at utils.logs.Log.info(Log.java:13)
	at utils.logs.Log.info(Log.java:13)
	at utils.logs.Log.info(Log.java:13)
	at utils.logs.Log.info(Log.java:13)
	at utils.logs.Log.info(Log.java:13)
	at utils.logs.Log.info(Log.java:13)
	at utils.logs.Log.info(Log.java:13)
	at utils.logs.Log.info(Log.java:13)
	at utils.logs.Log.info(Log.java:13)
	at utils.logs.Log.info(Log.java:13)
	at utils.logs.Log.info(Log.java:13)
	at utils.logs.Log.info(Log.java:13)
	at utils.logs.Log.info(Log.java:13)
	at utils.logs.Log.info(Log.java:13)
	at utils.logs.Log.info(Log.java:13)
	at utils.logs.Log.info(Log.java:13)
	at utils.logs.Log.info(Log.java:13)
	at utils.logs.Log.info(Log.java:13)
	at utils.logs.Log.info(Log.java:13)
	at utils.logs.Log.info(Log.java:13)
	at utils.logs.Log.info(Log.java:13)
	at utils.logs.Log.info(Log.java:13)
	at utils.logs.Log.info(Log.java:13)
	at utils.logs.Log.info(Log.java:13)
	at utils.logs.Log.info(Log.java:13)
	at utils.logs.Log.info(Log.java:13)
	at utils.logs.Log.info(Log.java:13)
	at utils.logs.Log.info(Log.java:13)
	at utils.logs.Log.info(Log.java:13)
	at utils.logs.Log.info(Log.java:13)
	at utils.logs.Log.info(Log.java:13)
	at utils.logs.Log.info(Log.java:13)
	at utils.logs.Log.info(Log.java:13)
	at utils.logs.Log.info(Log.java:13)
	at utils.logs.Log.info(Log.java:13)
	at utils.logs.Log.info(Log.java:13)
	at utils.logs.Log.info(Log.java:13)
	at utils.logs.Log.info(Log.java:13)
	at utils.logs.Log.info(Log.java:13)
	at utils.logs.Log.info(Log.java:13)
	at utils.logs.Log.info(Log.java:13)
	at utils.logs.Log.info(Log.java:13)
	at utils.logs.Log.info(Log.java:13)
	at utils.logs.Log.info(Log.java:13)
	at utils.logs.Log.info(Log.java:13)
	at utils.logs.Log.info(Log.java:13)
	at utils.logs.Log.info(Log.java:13)
	at utils.logs.Log.info(Log.java:13)
	at utils.logs.Log.info(Log.java:13)
	at utils.logs.Log.info(Log.java:13)
	at utils.logs.Log.info(Log.java:13)
	at utils.logs.Log.info(Log.java:13)
	at utils.logs.Log.info(Log.java:13)
	at utils.logs.Log.info(Log.java:13)
	at utils.logs.Log.info(Log.java:13)
	at utils.logs.Log.info(Log.java:13)
	at utils.logs.Log.info(Log.java:13)
	at utils.logs.Log.info(Log.java:13)
	at utils.logs.Log.info(Log.java:13)
	at utils.logs.Log.info(Log.java:13)
	at utils.logs.Log.info(Log.java:13)
	at utils.logs.Log.info(Log.java:13)
	at utils.logs.Log.info(Log.java:13)
	at utils.logs.Log.info(Log.java:13)
	at utils.logs.Log.info(Log.java:13)
	at utils.logs.Log.info(Log.java:13)
	at utils.logs.Log.info(Log.java:13)
	at utils.logs.Log.info(Log.java:13)
	at utils.logs.Log.info(Log.java:13)
	at utils.logs.Log.info(Log.java:13)
	at utils.logs.Log.info(Log.java:13)
	at utils.logs.Log.info(Log.java:13)
	at utils.logs.Log.info(Log.java:13)
	at utils.logs.Log.info(Log.java:13)
	at utils.logs.Log.info(Log.java:13)
	at utils.logs.Log.info(Log.java:13)
	at utils.logs.Log.info(Log.java:13)
	at utils.logs.Log.info(Log.java:13)
	at utils.logs.Log.info(Log.java:13)
	at utils.logs.Log.info(Log.java:13)
	at utils.logs.Log.info(Log.java:13)
	at utils.logs.Log.info(Log.java:13)
	at utils.logs.Log.info(Log.java:13)
	at utils.logs.Log.info(Log.java:13)
	at utils.logs.Log.info(Log.java:13)
	at utils.logs.Log.info(Log.java:13)
	at utils.logs.Log.info(Log.java:13)
	at utils.logs.Log.info(Log.java:13)
	at utils.logs.Log.info(Log.java:13)
	at utils.logs.Log.info(Log.java:13)
	at utils.logs.Log.info(Log.java:13)
	at utils.logs.Log.info(Log.java:13)
	at utils.logs.Log.info(Log.java:13)
	at utils.logs.Log.info(Log.java:13)
	at utils.logs.Log.info(Log.java:13)
	at utils.logs.Log.info(Log.java:13)
	at utils.logs.Log.info(Log.java:13)
	at utils.logs.Log.info(Log.java:13)
	at utils.logs.Log.info(Log.java:13)
	at utils.logs.Log.info(Log.java:13)
	at utils.logs.Log.info(Log.java:13)
	at utils.logs.Log.info(Log.java:13)
	at utils.logs.Log.info(Log.java:13)
	at utils.logs.Log.info(Log.java:13)
	at utils.logs.Log.info(Log.java:13)
	at utils.logs.Log.info(Log.java:13)
	at utils.logs.Log.info(Log.java:13)
	at utils.logs.Log.info(Log.java:13)
	at utils.logs.Log.info(Log.java:13)
	at utils.logs.Log.info(Log.java:13)
	at utils.logs.Log.info(Log.java:13)
	at utils.logs.Log.info(Log.java:13)
	at utils.logs.Log.info(Log.java:13)
	at utils.logs.Log.info(Log.java:13)
	at utils.logs.Log.info(Log.java:13)
	at utils.logs.Log.info(Log.java:13)
	at utils.logs.Log.info(Log.java:13)
	at utils.logs.Log.info(Log.java:13)
	at utils.logs.Log.info(Log.java:13)
	at utils.logs.Log.info(Log.java:13)
	at utils.logs.Log.info(Log.java:13)
	at utils.logs.Log.info(Log.java:13)
	at utils.logs.Log.info(Log.java:13)
	at utils.logs.Log.info(Log.java:13)
	at utils.logs.Log.info(Log.java:13)
	at utils.logs.Log.info(Log.java:13)
	at utils.logs.Log.info(Log.java:13)
	at utils.logs.Log.info(Log.java:13)
	at utils.logs.Log.info(Log.java:13)
	at utils.logs.Log.info(Log.java:13)
	at utils.logs.Log.info(Log.java:13)
	at utils.logs.Log.info(Log.java:13)
	at utils.logs.Log.info(Log.java:13)
	at utils.logs.Log.info(Log.java:13)
	at utils.logs.Log.info(Log.java:13)
	at utils.logs.Log.info(Log.java:13)
	at utils.logs.Log.info(Log.java:13)
	at utils.logs.Log.info(Log.java:13)
	at utils.logs.Log.info(Log.java:13)
	at utils.logs.Log.info(Log.java:13)
	at utils.logs.Log.info(Log.java:13)
	at utils.logs.Log.info(Log.java:13)
	at utils.logs.Log.info(Log.java:13)
	at utils.logs.Log.info(Log.java:13)
	at utils.logs.Log.info(Log.java:13)
	at utils.logs.Log.info(Log.java:13)
	at utils.logs.Log.info(Log.java:13)
	at utils.logs.Log.info(Log.java:13)
	at utils.logs.Log.info(Log.java:13)
	at utils.logs.Log.info(Log.java:13)
	at utils.logs.Log.info(Log.java:13)
	at utils.logs.Log.info(Log.java:13)
	at utils.logs.Log.info(Log.java:13)
	at utils.logs.Log.info(Log.java:13)
	at utils.logs.Log.info(Log.java:13)
	at utils.logs.Log.info(Log.java:13)
	at utils.logs.Log.info(Log.java:13)
	at utils.logs.Log.info(Log.java:13)
	at utils.logs.Log.info(Log.java:13)
	at utils.logs.Log.info(Log.java:13)
	at utils.logs.Log.info(Log.java:13)
	at utils.logs.Log.info(Log.java:13)
	at utils.logs.Log.info(Log.java:13)
	at utils.logs.Log.info(Log.java:13)
	at utils.logs.Log.info(Log.java:13)
	at utils.logs.Log.info(Log.java:13)
	at utils.logs.Log.info(Log.java:13)
	at utils.logs.Log.info(Log.java:13)
	at utils.logs.Log.info(Log.java:13)
	at utils.logs.Log.info(Log.java:13)
	at utils.logs.Log.info(Log.java:13)
	at utils.logs.Log.info(Log.java:13)
	at utils.logs.Log.info(Log.java:13)
	at utils.logs.Log.info(Log.java:13)
	at utils.logs.Log.info(Log.java:13)
	at utils.logs.Log.info(Log.java:13)
	at utils.logs.Log.info(Log.java:13)
	at utils.logs.Log.info(Log.java:13)
	at utils.logs.Log.info(Log.java:13)
	at utils.logs.Log.info(Log.java:13)
	at utils.logs.Log.info(Log.java:13)
	at utils.logs.Log.info(Log.java:13)
	at utils.logs.Log.info(Log.java:13)
	at utils.logs.Log.info(Log.java:13)
	at utils.logs.Log.info(Log.java:13)
	at utils.logs.Log.info(Log.java:13)
	at utils.logs.Log.info(Log.java:13)
	at utils.logs.Log.info(Log.java:13)
	at utils.logs.Log.info(Log.java:13)
	at utils.logs.Log.info(Log.java:13)
	at utils.logs.Log.info(Log.java:13)
	at utils.logs.Log.info(Log.java:13)
	at utils.logs.Log.info(Log.java:13)
	at utils.logs.Log.info(Log.java:13)
	at utils.logs.Log.info(Log.java:13)
	at utils.logs.Log.info(Log.java:13)
	at utils.logs.Log.info(Log.java:13)
	at utils.logs.Log.info(Log.java:13)
	at utils.logs.Log.info(Log.java:13)
	at utils.logs.Log.info(Log.java:13)
	at utils.logs.Log.info(Log.java:13)
	at utils.logs.Log.info(Log.java:13)
	at utils.logs.Log.info(Log.java:13)
	at utils.logs.Log.info(Log.java:13)
	at utils.logs.Log.info(Log.java:13)
	at utils.logs.Log.info(Log.java:13)
	at utils.logs.Log.info(Log.java:13)
	at utils.logs.Log.info(Log.java:13)
	at utils.logs.Log.info(Log.java:13)
	at utils.logs.Log.info(Log.java:13)
	at utils.logs.Log.info(Log.java:13)
	at utils.logs.Log.info(Log.java:13)
	at utils.logs.Log.info(Log.java:13)
	at utils.logs.Log.info(Log.java:13)
	at utils.logs.Log.info(Log.java:13)
	at utils.logs.Log.info(Log.java:13)
	at utils.logs.Log.info(Log.java:13)
	at utils.logs.Log.info(Log.java:13)
	at utils.logs.Log.info(Log.java:13)
	at utils.logs.Log.info(Log.java:13)
	at utils.logs.Log.info(Log.java:13)
	at utils.logs.Log.info(Log.java:13)
	at utils.logs.Log.info(Log.java:13)
	at utils.logs.Log.info(Log.java:13)
	at utils.logs.Log.info(Log.java:13)
	at utils.logs.Log.info(Log.java:13)
	at utils.logs.Log.info(Log.java:13)
	at utils.logs.Log.info(Log.java:13)
	at utils.logs.Log.info(Log.java:13)
	at utils.logs.Log.info(Log.java:13)
	at utils.logs.Log.info(Log.java:13)
	at utils.logs.Log.info(Log.java:13)
	at utils.logs.Log.info(Log.java:13)
	at utils.logs.Log.info(Log.java:13)
	at utils.logs.Log.info(Log.java:13)
	at utils.logs.Log.info(Log.java:13)
	at utils.logs.Log.info(Log.java:13)
	at utils.logs.Log.info(Log.java:13)
	at utils.logs.Log.info(Log.java:13)
	at utils.logs.Log.info(Log.java:13)
	at utils.logs.Log.info(Log.java:13)
	at utils.logs.Log.info(Log.java:13)
	at utils.logs.Log.info(Log.java:13)
	at utils.logs.Log.info(Log.java:13)
	at utils.logs.Log.info(Log.java:13)
	at utils.logs.Log.info(Log.java:13)
	at utils.logs.Log.info(Log.java:13)
	at utils.logs.Log.info(Log.java:13)
	at utils.logs.Log.info(Log.java:13)
	at utils.logs.Log.info(Log.java:13)
	at utils.logs.Log.info(Log.java:13)
	at utils.logs.Log.info(Log.java:13)
	at utils.logs.Log.info(Log.java:13)
	at utils.logs.Log.info(Log.java:13)
	at utils.logs.Log.info(Log.java:13)
	at utils.logs.Log.info(Log.java:13)
	at utils.logs.Log.info(Log.java:13)
	at utils.logs.Log.info(Log.java:13)
	at utils.logs.Log.info(Log.java:13)
	at utils.logs.Log.info(Log.java:13)
	at utils.logs.Log.info(Log.java:13)
	at utils.logs.Log.info(Log.java:13)
	at utils.logs.Log.info(Log.java:13)
	at utils.logs.Log.info(Log.java:13)
	at utils.logs.Log.info(Log.java:13)
	at utils.logs.Log.info(Log.java:13)
	at utils.logs.Log.info(Log.java:13)
	at utils.logs.Log.info(Log.java:13)
	at utils.logs.Log.info(Log.java:13)
	at utils.logs.Log.info(Log.java:13)
	at utils.logs.Log.info(Log.java:13)
	at utils.logs.Log.info(Log.java:13)
	at utils.logs.Log.info(Log.java:13)
	at utils.logs.Log.info(Log.java:13)
	at utils.logs.Log.info(Log.java:13)
	at utils.logs.Log.info(Log.java:13)
	at utils.logs.Log.info(Log.java:13)
	at utils.logs.Log.info(Log.java:13)
	at utils.logs.Log.info(Log.java:13)
	at utils.logs.Log.info(Log.java:13)
	at utils.logs.Log.info(Log.java:13)
	at utils.logs.Log.info(Log.java:13)
	at utils.logs.Log.info(Log.java:13)
	at utils.logs.Log.info(Log.java:13)
	at utils.logs.Log.info(Log.java:13)
	at utils.logs.Log.info(Log.java:13)
	at utils.logs.Log.info(Log.java:13)
	at utils.logs.Log.info(Log.java:13)
	at utils.logs.Log.info(Log.java:13)
	at utils.logs.Log.info(Log.java:13)
	at utils.logs.Log.info(Log.java:13)
	at utils.logs.Log.info(Log.java:13)
	at utils.logs.Log.info(Log.java:13)
	at utils.logs.Log.info(Log.java:13)
	at utils.logs.Log.info(Log.java:13)
	at utils.logs.Log.info(Log.java:13)
	at utils.logs.Log.info(Log.java:13)
	at utils.logs.Log.info(Log.java:13)
	at utils.logs.Log.info(Log.java:13)
	at utils.logs.Log.info(Log.java:13)
	at utils.logs.Log.info(Log.java:13)
	at utils.logs.Log.info(Log.java:13)
	at utils.logs.Log.info(Log.java:13)
	at utils.logs.Log.info(Log.java:13)
	at utils.logs.Log.info(Log.java:13)
	at utils.logs.Log.info(Log.java:13)
	at utils.logs.Log.info(Log.java:13)
	at utils.logs.Log.info(Log.java:13)
	at utils.logs.Log.info(Log.java:13)
	at utils.logs.Log.info(Log.java:13)
	at utils.logs.Log.info(Log.java:13)
	at utils.logs.Log.info(Log.java:13)
	at utils.logs.Log.info(Log.java:13)
	at utils.logs.Log.info(Log.java:13)
	at utils.logs.Log.info(Log.java:13)
	at utils.logs.Log.info(Log.java:13)
	at utils.logs.Log.info(Log.java:13)
	at utils.logs.Log.info(Log.java:13)
	at utils.logs.Log.info(Log.java:13)
	at utils.logs.Log.info(Log.java:13)
	at utils.logs.Log.info(Log.java:13)
	at utils.logs.Log.info(Log.java:13)
	at utils.logs.Log.info(Log.java:13)
	at utils.logs.Log.info(Log.java:13)
	at utils.logs.Log.info(Log.java:13)
	at utils.logs.Log.info(Log.java:13)
	at utils.logs.Log.info(Log.java:13)
	at utils.logs.Log.info(Log.java:13)
	at utils.logs.Log.info(Log.java:13)
	at utils.logs.Log.info(Log.java:13)
	at utils.logs.Log.info(Log.java:13)
	at utils.logs.Log.info(Log.java:13)
	at utils.logs.Log.info(Log.java:13)
	at utils.logs.Log.info(Log.java:13)
	at utils.logs.Log.info(Log.java:13)
	at utils.logs.Log.info(Log.java:13)
	at utils.logs.Log.info(Log.java:13)
	at utils.logs.Log.info(Log.java:13)
	at utils.logs.Log.info(Log.java:13)
	at utils.logs.Log.info(Log.java:13)
	at utils.logs.Log.info(Log.java:13)
	at utils.logs.Log.info(Log.java:13)
	at utils.logs.Log.info(Log.java:13)
	at utils.logs.Log.info(Log.java:13)
	at utils.logs.Log.info(Log.java:13)
	at utils.logs.Log.info(Log.java:13)
	at utils.logs.Log.info(Log.java:13)
	at utils.logs.Log.info(Log.java:13)
	at utils.logs.Log.info(Log.java:13)
	at utils.logs.Log.info(Log.java:13)
	at utils.logs.Log.info(Log.java:13)
	at utils.logs.Log.info(Log.java:13)
	at utils.logs.Log.info(Log.java:13)
	at utils.logs.Log.info(Log.java:13)
	at utils.logs.Log.info(Log.java:13)
	at utils.logs.Log.info(Log.java:13)
	at utils.logs.Log.info(Log.java:13)
	at utils.logs.Log.info(Log.java:13)
	at utils.logs.Log.info(Log.java:13)
	at utils.logs.Log.info(Log.java:13)
	at utils.logs.Log.info(Log.java:13)
	at utils.logs.Log.info(Log.java:13)
	at utils.logs.Log.info(Log.java:13)
	at utils.logs.Log.info(Log.java:13)
	at utils.logs.Log.info(Log.java:13)
	at utils.logs.Log.info(Log.java:13)
	at utils.logs.Log.info(Log.java:13)
	at utils.logs.Log.info(Log.java:13)
	at utils.logs.Log.info(Log.java:13)
	at utils.logs.Log.info(Log.java:13)
	at utils.logs.Log.info(Log.java:13)
	at utils.logs.Log.info(Log.java:13)
	at utils.logs.Log.info(Log.java:13)
	at utils.logs.Log.info(Log.java:13)
	at utils.logs.Log.info(Log.java:13)
	at utils.logs.Log.info(Log.java:13)
	at utils.logs.Log.info(Log.java:13)
	at utils.logs.Log.info(Log.java:13)
	at utils.logs.Log.info(Log.java:13)
	at utils.logs.Log.info(Log.java:13)
	at utils.logs.Log.info(Log.java:13)
	at utils.logs.Log.info(Log.java:13)
	at utils.logs.Log.info(Log.java:13)
	at utils.logs.Log.info(Log.java:13)
	at utils.logs.Log.info(Log.java:13)
	at utils.logs.Log.info(Log.java:13)
	at utils.logs.Log.info(Log.java:13)
	at utils.logs.Log.info(Log.java:13)
	at utils.logs.Log.info(Log.java:13)
	at utils.logs.Log.info(Log.java:13)
	at utils.logs.Log.info(Log.java:13)
	at utils.logs.Log.info(Log.java:13)
	at utils.logs.Log.info(Log.java:13)
	at utils.logs.Log.info(Log.java:13)
	at utils.logs.Log.info(Log.java:13)
	at utils.logs.Log.info(Log.java:13)
	at utils.logs.Log.info(Log.java:13)
	at utils.logs.Log.info(Log.java:13)
	at utils.logs.Log.info(Log.java:13)
	at utils.logs.Log.info(Log.java:13)
	at utils.logs.Log.info(Log.java:13)
	at utils.logs.Log.info(Log.java:13)
	at utils.logs.Log.info(Log.java:13)
	at utils.logs.Log.info(Log.java:13)
	at utils.logs.Log.info(Log.java:13)
	at utils.logs.Log.info(Log.java:13)
	at utils.logs.Log.info(Log.java:13)
	at utils.logs.Log.info(Log.java:13)
	at utils.logs.Log.info(Log.java:13)
	at utils.logs.Log.info(Log.java:13)
	at utils.logs.Log.info(Log.java:13)
	at utils.logs.Log.info(Log.java:13)
	at utils.logs.Log.info(Log.java:13)
	at utils.logs.Log.info(Log.java:13)
	at utils.logs.Log.info(Log.java:13)
	at utils.logs.Log.info(Log.java:13)
	at utils.logs.Log.info(Log.java:13)
	at utils.logs.Log.info(Log.java:13)
	at utils.logs.Log.info(Log.java:13)
	at utils.logs.Log.info(Log.java:13)
	at utils.logs.Log.info(Log.java:13)
	at utils.logs.Log.info(Log.java:13)
	at utils.logs.Log.info(Log.java:13)
	at utils.logs.Log.info(Log.java:13)
	at utils.logs.Log.info(Log.java:13)
	at utils.logs.Log.info(Log.java:13)
	at utils.logs.Log.info(Log.java:13)
	at utils.logs.Log.info(Log.java:13)
	at utils.logs.Log.info(Log.java:13)
	at utils.logs.Log.info(Log.java:13)
	at utils.logs.Log.info(Log.java:13)
	at utils.logs.Log.info(Log.java:13)
	at utils.logs.Log.info(Log.java:13)
	at utils.logs.Log.info(Log.java:13)
	at utils.logs.Log.info(Log.java:13)
	at utils.logs.Log.info(Log.java:13)
	at utils.logs.Log.info(Log.java:13)
	at utils.logs.Log.info(Log.java:13)
	at utils.logs.Log.info(Log.java:13)
	at utils.logs.Log.info(Log.java:13)
	at utils.logs.Log.info(Log.java:13)
	at utils.logs.Log.info(Log.java:13)
	at utils.logs.Log.info(Log.java:13)
	at utils.logs.Log.info(Log.java:13)
	at utils.logs.Log.info(Log.java:13)
	at utils.logs.Log.info(Log.java:13)
	at utils.logs.Log.info(Log.java:13)
	at utils.logs.Log.info(Log.java:13)
	at utils.logs.Log.info(Log.java:13)
	at utils.logs.Log.info(Log.java:13)
	at utils.logs.Log.info(Log.java:13)
	at utils.logs.Log.info(Log.java:13)
	at utils.logs.Log.info(Log.java:13)
	at utils.logs.Log.info(Log.java:13)
	at utils.logs.Log.info(Log.java:13)
	at utils.logs.Log.info(Log.java:13)
	at utils.logs.Log.info(Log.java:13)
	at utils.logs.Log.info(Log.java:13)
	at utils.logs.Log.info(Log.java:13)
	at utils.logs.Log.info(Log.java:13)
	at utils.logs.Log.info(Log.java:13)
	at utils.logs.Log.info(Log.java:13)
	at utils.logs.Log.info(Log.java:13)
	at utils.logs.Log.info(Log.java:13)
	at utils.logs.Log.info(Log.java:13)
	at utils.logs.Log.info(Log.java:13)
	at utils.logs.Log.info(Log.java:13)
	at utils.logs.Log.info(Log.java:13)
	at utils.logs.Log.info(Log.java:13)
	at utils.logs.Log.info(Log.java:13)
	at utils.logs.Log.info(Log.java:13)
	at utils.logs.Log.info(Log.java:13)
	at utils.logs.Log.info(Log.java:13)
	at utils.logs.Log.info(Log.java:13)
	at utils.logs.Log.info(Log.java:13)
	at utils.logs.Log.info(Log.java:13)
	at utils.logs.Log.info(Log.java:13)
	at utils.logs.Log.info(Log.java:13)
	at utils.logs.Log.info(Log.java:13)
	at utils.logs.Log.info(Log.java:13)
	at utils.logs.Log.info(Log.java:13)
	at utils.logs.Log.info(Log.java:13)
	at utils.logs.Log.info(Log.java:13)
	at utils.logs.Log.info(Log.java:13)
	at utils.logs.Log.info(Log.java:13)
	at utils.logs.Log.info(Log.java:13)
	at utils.logs.Log.info(Log.java:13)
	at utils.logs.Log.info(Log.java:13)
	at utils.logs.Log.info(Log.java:13)
	at utils.logs.Log.info(Log.java:13)
	at utils.logs.Log.info(Log.java:13)
	at utils.logs.Log.info(Log.java:13)
	at utils.logs.Log.info(Log.java:13)
	at utils.logs.Log.info(Log.java:13)
	at utils.logs.Log.info(Log.java:13)
	at utils.logs.Log.info(Log.java:13)
	at utils.logs.Log.info(Log.java:13)
	at utils.logs.Log.info(Log.java:13)
	at utils.logs.Log.info(Log.java:13)
	at utils.logs.Log.info(Log.java:13)
	at utils.logs.Log.info(Log.java:13)
	at utils.logs.Log.info(Log.java:13)
	at utils.logs.Log.info(Log.java:13)
	at utils.logs.Log.info(Log.java:13)
	at utils.logs.Log.info(Log.java:13)
	at utils.logs.Log.info(Log.java:13)
	at utils.logs.Log.info(Log.java:13)
	at utils.logs.Log.info(Log.java:13)
	at utils.logs.Log.info(Log.java:13)
	at utils.logs.Log.info(Log.java:13)
	at utils.logs.Log.info(Log.java:13)
	at utils.logs.Log.info(Log.java:13)
	at utils.logs.Log.info(Log.java:13)
	at utils.logs.Log.info(Log.java:13)
	at utils.logs.Log.info(Log.java:13)
	at utils.logs.Log.info(Log.java:13)
	at utils.logs.Log.info(Log.java:13)
	at utils.logs.Log.info(Log.java:13)
	at utils.logs.Log.info(Log.java:13)
	at utils.logs.Log.info(Log.java:13)
	at utils.logs.Log.info(Log.java:13)
	at utils.logs.Log.info(Log.java:13)
	at utils.logs.Log.info(Log.java:13)
	at utils.logs.Log.info(Log.java:13)
	at utils.logs.Log.info(Log.java:13)
	at utils.logs.Log.info(Log.java:13)
	at utils.logs.Log.info(Log.java:13)
	at utils.logs.Log.info(Log.java:13)
	at utils.logs.Log.info(Log.java:13)
	at utils.logs.Log.info(Log.java:13)
	at utils.logs.Log.info(Log.java:13)
	at utils.logs.Log.info(Log.java:13)
	at utils.logs.Log.info(Log.java:13)
	at utils.logs.Log.info(Log.java:13)
	at utils.logs.Log.info(Log.java:13)
	at utils.logs.Log.info(Log.java:13)
	at utils.logs.Log.info(Log.java:13)
	at utils.logs.Log.info(Log.java:13)
	at utils.logs.Log.info(Log.java:13)
	at utils.logs.Log.info(Log.java:13)
	at utils.logs.Log.info(Log.java:13)
	at utils.logs.Log.info(Log.java:13)
	at utils.logs.Log.info(Log.java:13)
	at utils.logs.Log.info(Log.java:13)
	at utils.logs.Log.info(Log.java:13)
	at utils.logs.Log.info(Log.java:13)
	at utils.logs.Log.info(Log.java:13)
	at utils.logs.Log.info(Log.java:13)
	at utils.logs.Log.info(Log.java:13)
	at utils.logs.Log.info(Log.java:13)
	at utils.logs.Log.info(Log.java:13)
	at utils.logs.Log.info(Log.java:13)
	at utils.logs.Log.info(Log.java:13)
	at utils.logs.Log.info(Log.java:13)
	at utils.logs.Log.info(Log.java:13)
	at utils.logs.Log.info(Log.java:13)
	at utils.logs.Log.info(Log.java:13)
	at utils.logs.Log.info(Log.java:13)
	at utils.logs.Log.info(Log.java:13)
	at utils.logs.Log.info(Log.java:13)
	at utils.logs.Log.info(Log.java:13)
	at utils.logs.Log.info(Log.java:13)
	at utils.logs.Log.info(Log.java:13)
	at utils.logs.Log.info(Log.java:13)
	at utils.logs.Log.info(Log.java:13)
	at utils.logs.Log.info(Log.java:13)
	at utils.logs.Log.info(Log.java:13)
	at utils.logs.Log.info(Log.java:13)
	at utils.logs.Log.info(Log.java:13)
	at utils.logs.Log.info(Log.java:13)
	at utils.logs.Log.info(Log.java:13)
	at utils.logs.Log.info(Log.java:13)
	at utils.logs.Log.info(Log.java:13)
	at utils.logs.Log.info(Log.java:13)
	at utils.logs.Log.info(Log.java:13)
	at utils.logs.Log.info(Log.java:13)
	at utils.logs.Log.info(Log.java:13)
	at utils.logs.Log.info(Log.java:13)
	at utils.logs.Log.info(Log.java:13)
	at utils.logs.Log.info(Log.java:13)
	at utils.logs.Log.info(Log.java:13)
	at utils.logs.Log.info(Log.java:13)
	at utils.logs.Log.info(Log.java:13)
	at utils.logs.Log.info(Log.java:13)
	at utils.logs.Log.info(Log.java:13)
	at utils.logs.Log.info(Log.java:13)
	at utils.logs.Log.info(Log.java:13)
	at utils.logs.Log.info(Log.java:13)
	at utils.logs.Log.info(Log.java:13)
	at utils.logs.Log.info(Log.java:13)
	at utils.logs.Log.info(Log.java:13)
	at utils.logs.Log.info(Log.java:13)
	at utils.logs.Log.info(Log.java:13)
	at utils.logs.Log.info(Log.java:13)
	at utils.logs.Log.info(Log.java:13)
	at utils.logs.Log.info(Log.java:13)
	at utils.logs.Log.info(Log.java:13)
	at utils.logs.Log.info(Log.java:13)
	at utils.logs.Log.info(Log.java:13)
	at utils.logs.Log.info(Log.java:13)
	at utils.logs.Log.info(Log.java:13)
	at utils.logs.Log.info(Log.java:13)
	at utils.logs.Log.info(Log.java:13)
	at utils.logs.Log.info(Log.java:13)
	at utils.logs.Log.info(Log.java:13)
	at utils.logs.Log.info(Log.java:13)
	at utils.logs.Log.info(Log.java:13)
	at utils.logs.Log.info(Log.java:13)
	at utils.logs.Log.info(Log.java:13)
	at utils.logs.Log.info(Log.java:13)
	at utils.logs.Log.info(Log.java:13)
	at utils.logs.Log.info(Log.java:13)
	at utils.logs.Log.info(Log.java:13)
	at utils.logs.Log.info(Log.java:13)
	at utils.logs.Log.info(Log.java:13)
	at utils.logs.Log.info(Log.java:13)
	at utils.logs.Log.info(Log.java:13)
	at utils.logs.Log.info(Log.java:13)
	at utils.logs.Log.info(Log.java:13)
	at utils.logs.Log.info(Log.java:13)
	at utils.logs.Log.info(Log.java:13)
	at utils.logs.Log.info(Log.java:13)
	at utils.logs.Log.info(Log.java:13)
	at utils.logs.Log.info(Log.java:13)
	at utils.logs.Log.info(Log.java:13)
	at utils.logs.Log.info(Log.java:13)
	at utils.logs.Log.info(Log.java:13)
	at utils.logs.Log.info(Log.java:13)
	at utils.logs.Log.info(Log.java:13)
	at utils.logs.Log.info(Log.java:13)
	at utils.logs.Log.info(Log.java:13)
	at utils.logs.Log.info(Log.java:13)
	at utils.logs.Log.info(Log.java:13)
	at utils.logs.Log.info(Log.java:13)
	at utils.logs.Log.info(Log.java:13)
	at utils.logs.Log.info(Log.java:13)
	at utils.logs.Log.info(Log.java:13)
	at utils.logs.Log.info(Log.java:13)
	at utils.logs.Log.info(Log.java:13)
	at utils.logs.Log.info(Log.java:13)
	at utils.logs.Log.info(Log.java:13)
	at utils.logs.Log.info(Log.java:13)
	at utils.logs.Log.info(Log.java:13)
	at utils.logs.Log.info(Log.java:13)
	at utils.logs.Log.info(Log.java:13)
	at utils.logs.Log.info(Log.java:13)
	at utils.logs.Log.info(Log.java:13)
	at utils.logs.Log.info(Log.java:13)
	at utils.logs.Log.info(Log.java:13)
	at utils.logs.Log.info(Log.java:13)
	at utils.logs.Log.info(Log.java:13)
	at utils.logs.Log.info(Log.java:13)
	at utils.logs.Log.info(Log.java:13)
	at utils.logs.Log.info(Log.java:13)
	at utils.logs.Log.info(Log.java:13)
	at utils.logs.Log.info(Log.java:13)
	at utils.logs.Log.info(Log.java:13)
	at utils.logs.Log.info(Log.java:13)
	at utils.logs.Log.info(Log.java:13)
	at utils.logs.Log.info(Log.java:13)
	at utils.logs.Log.info(Log.java:13)
	at utils.logs.Log.info(Log.java:13)
	at utils.logs.Log.info(Log.java:13)
	at utils.logs.Log.info(Log.java:13)
	at utils.logs.Log.info(Log.java:13)
	at utils.logs.Log.info(Log.java:13)
	at utils.logs.Log.info(Log.java:13)
	at utils.logs.Log.info(Log.java:13)
	at utils.logs.Log.info(Log.java:13)
	at utils.logs.Log.info(Log.java:13)
	at utils.logs.Log.info(Log.java:13)
	at utils.logs.Log.info(Log.java:13)
	at utils.logs.Log.info(Log.java:13)
	at utils.logs.Log.info(Log.java:13)
	at utils.logs.Log.info(Log.java:13)
	at utils.logs.Log.info(Log.java:13)
	at utils.logs.Log.info(Log.java:13)
	at utils.logs.Log.info(Log.java:13)
	at utils.logs.Log.info(Log.java:13)
	at utils.logs.Log.info(Log.java:13)
	at utils.logs.Log.info(Log.java:13)
	at utils.logs.Log.info(Log.java:13)
	at utils.logs.Log.info(Log.java:13)
	at utils.logs.Log.info(Log.java:13)
	at utils.logs.Log.info(Log.java:13)
	at utils.logs.Log.info(Log.java:13)
	at utils.logs.Log.info(Log.java:13)
	at utils.logs.Log.info(Log.java:13)
	at utils.logs.Log.info(Log.java:13)
	at utils.logs.Log.info(Log.java:13)
	at utils.logs.Log.info(Log.java:13)
	at utils.logs.Log.info(Log.java:13)
	at utils.logs.Log.info(Log.java:13)
	at utils.logs.Log.info(Log.java:13)
	at utils.logs.Log.info(Log.java:13)
	at utils.logs.Log.info(Log.java:13)
	at utils.logs.Log.info(Log.java:13)
	at utils.logs.Log.info(Log.java:13)
	at utils.logs.Log.info(Log.java:13)
	at utils.logs.Log.info(Log.java:13)
	at utils.logs.Log.info(Log.java:13)
	at utils.logs.Log.info(Log.java:13)
	at utils.logs.Log.info(Log.java:13)
	at utils.logs.Log.info(Log.java:13)
	at utils.logs.Log.info(Log.java:13)
	at utils.logs.Log.info(Log.java:13)
	at utils.logs.Log.info(Log.java:13)
	at utils.logs.Log.info(Log.java:13)
	at utils.logs.Log.info(Log.java:13)
	at utils.logs.Log.info(Log.java:13)
	at utils.logs.Log.info(Log.java:13)
	at utils.logs.Log.info(Log.java:13)
	at utils.logs.Log.info(Log.java:13)
	at utils.logs.Log.info(Log.java:13)
	at utils.logs.Log.info(Log.java:13)
	at utils.logs.Log.info(Log.java:13)
	at utils.logs.Log.info(Log.java:13)
	at utils.logs.Log.info(Log.java:13)
	at utils.logs.Log.info(Log.java:13)
	at utils.logs.Log.info(Log.java:13)
	at utils.logs.Log.info(Log.java:13)
	at utils.logs.Log.info(Log.java:13)
	at utils.logs.Log.info(Log.java:13)
	at utils.logs.Log.info(Log.java:13)
	at utils.logs.Log.info(Log.java:13)
	at utils.logs.Log.info(Log.java:13)
	at utils.logs.Log.info(Log.java:13)
	at utils.logs.Log.info(Log.java:13)
	at utils.logs.Log.info(Log.java:13)
	at utils.logs.Log.info(Log.java:13)
	at utils.logs.Log.info(Log.java:13)
	at utils.logs.Log.info(Log.java:13)
	at utils.logs.Log.info(Log.java:13)
	at utils.logs.Log.info(Log.java:13)
	at utils.logs.Log.info(Log.java:13)
	at utils.logs.Log.info(Log.java:13)
	at utils.logs.Log.info(Log.java:13)
	at utils.logs.Log.info(Log.java:13)
	at utils.logs.Log.info(Log.java:13)
	at utils.logs.Log.info(Log.java:13)
	at utils.logs.Log.info(Log.java:13)
	at utils.logs.Log.info(Log.java:13)
	at utils.logs.Log.info(Log.java:13)
	at utils.logs.Log.info(Log.java:13)
	at utils.logs.Log.info(Log.java:13)
	at utils.logs.Log.info(Log.java:13)
	at utils.logs.Log.info(Log.java:13)
	at utils.logs.Log.info(Log.java:13)
	at utils.logs.Log.info(Log.java:13)
	at utils.logs.Log.info(Log.java:13)
	at utils.logs.Log.info(Log.java:13)
	at utils.logs.Log.info(Log.java:13)
	at utils.logs.Log.info(Log.java:13)
	at utils.logs.Log.info(Log.java:13)
	at utils.logs.Log.info(Log.java:13)
	at utils.logs.Log.info(Log.java:13)
	at utils.logs.Log.info(Log.java:13)
	at utils.logs.Log.info(Log.java:13)
	at utils.logs.Log.info(Log.java:13)
	at utils.logs.Log.info(Log.java:13)
	at utils.logs.Log.info(Log.java:13)
	at utils.logs.Log.info(Log.java:13)
	at utils.logs.Log.info(Log.java:13)
	at utils.logs.Log.info(Log.java:13)
	at utils.logs.Log.info(Log.java:13)
	at utils.logs.Log.info(Log.java:13)
	at utils.logs.Log.info(Log.java:13)
	at utils.logs.Log.info(Log.java:13)
	at utils.logs.Log.info(Log.java:13)
	at utils.logs.Log.info(Log.java:13)
	at utils.logs.Log.info(Log.java:13)
	at utils.logs.Log.info(Log.java:13)
	at utils.logs.Log.info(Log.java:13)
	at utils.logs.Log.info(Log.java:13)
	at utils.logs.Log.info(Log.java:13)
	at utils.logs.Log.info(Log.java:13)
	at utils.logs.Log.info(Log.java:13)
	at utils.logs.Log.info(Log.java:13)
	at utils.logs.Log.info(Log.java:13)
	at utils.logs.Log.info(Log.java:13)
	at utils.logs.Log.info(Log.java:13)
	at utils.logs.Log.info(Log.java:13)
	at utils.logs.Log.info(Log.java:13)
	at utils.logs.Log.info(Log.java:13)
	at utils.logs.Log.info(Log.java:13)
	at utils.logs.Log.info(Log.java:13)
	at utils.logs.Log.info(Log.java:13)
	at utils.logs.Log.info(Log.java:13)
	at utils.logs.Log.info(Log.java:13)
	at utils.logs.Log.info(Log.java:13)
	at utils.logs.Log.info(Log.java:13)
	at utils.logs.Log.info(Log.java:13)
	at utils.logs.Log.info(Log.java:13)
	at utils.logs.Log.info(Log.java:13)
	at utils.logs.Log.info(Log.java:13)
	at utils.logs.Log.info(Log.java:13)
	at utils.logs.Log.info(Log.java:13)
	at utils.logs.Log.info(Log.java:13)
	at utils.logs.Log.info(Log.java:13)
	at utils.logs.Log.info(Log.java:13)
	at utils.logs.Log.info(Log.java:13)
	at utils.logs.Log.info(Log.java:13)
	at utils.logs.Log.info(Log.java:13)
	at utils.logs.Log.info(Log.java:13)
	at utils.logs.Log.info(Log.java:13)
	at utils.logs.Log.info(Log.java:13)
	at utils.logs.Log.info(Log.java:13)
	at utils.logs.Log.info(Log.java:13)
	at utils.logs.Log.info(Log.java:13)
	at utils.logs.Log.info(Log.java:13)
	at utils.logs.Log.info(Log.java:13)
	at utils.logs.Log.info(Log.java:13)
	at utils.logs.Log.info(Log.java:13)
	at utils.logs.Log.info(Log.java:13)
	at utils.logs.Log.info(Log.java:13)
	at utils.logs.Log.info(Log.java:13)
	at utils.logs.Log.info(Log.java:13)
	at utils.logs.Log.info(Log.java:13)
	at utils.logs.Log.info(Log.java:13)
	at utils.logs.Log.info(Log.java:13)
	at utils.logs.Log.info(Log.java:13)
	at utils.logs.Log.info(Log.java:13)
	at utils.logs.Log.info(Log.java:13)
	at utils.logs.Log.info(Log.java:13)
	at utils.logs.Log.info(Log.java:13)
	at utils.logs.Log.info(Log.java:13)
	at utils.logs.Log.info(Log.java:13)
	at utils.logs.Log.info(Log.java:13)
	at utils.logs.Log.info(Log.java:13)
	at utils.logs.Log.info(Log.java:13)
	at utils.logs.Log.info(Log.java:13)
	at utils.logs.Log.info(Log.java:13)
	at utils.logs.Log.info(Log.java:13)
	at utils.logs.Log.info(Log.java:13)
	at utils.logs.Log.info(Log.java:13)
	at utils.logs.Log.info(Log.java:13)
	at utils.logs.Log.info(Log.java:13)
	at utils.logs.Log.info(Log.java:13)
	at utils.logs.Log.info(Log.java:13)
	at utils.logs.Log.info(Log.java:13)
	at utils.logs.Log.info(Log.java:13)
	at utils.logs.Log.info(Log.java:13)
	at utils.logs.Log.info(Log.java:13)
	at utils.logs.Log.info(Log.java:13)
	at utils.logs.Log.info(Log.java:13)
	at utils.logs.Log.info(Log.java:13)
	at utils.logs.Log.info(Log.java:13)
	at utils.logs.Log.info(Log.java:13)
	at utils.logs.Log.info(Log.java:13)
	at utils.logs.Log.info(Log.java:13)
	at utils.logs.Log.info(Log.java:13)
	at utils.logs.Log.info(Log.java:13)
	at utils.logs.Log.info(Log.java:13)
	at utils.logs.Log.info(Log.java:13)
	at utils.logs.Log.info(Log.java:13)
	at utils.logs.Log.info(Log.java:13)
	at utils.logs.Log.info(Log.java:13)
	at utils.logs.Log.info(Log.java:13)
	at utils.logs.Log.info(Log.java:13)
	at utils.logs.Log.info(Log.java:13)
	at utils.logs.Log.info(Log.java:13)
	at utils.logs.Log.info(Log.java:13)
	at utils.logs.Log.info(Log.java:13)
	at utils.logs.Log.info(Log.java:13)
	at utils.logs.Log.info(Log.java:13)
	at utils.logs.Log.info(Log.java:13)
	at utils.logs.Log.info(Log.java:13)
	at utils.logs.Log.info(Log.java:13)
	at utils.logs.Log.info(Log.java:13)
	at utils.logs.Log.info(Log.java:13)

